[Wed Mar  7 18:56:41 2012] [info] Listening at "http://*:3000".
[Wed Mar  7 18:56:47 2012] [debug] Your secret passphrase needs to be changed!!!
[Wed Mar  7 18:56:47 2012] [debug] GET / (Mozilla/5.0 (X11; Linux x86_64) AppleWebKit/535.11 (KHTML, like Gecko) Chrome/17.0.963.56 Safari/535.11).
[Wed Mar  7 18:56:47 2012] [debug] Dispatching "Unicorn::Manager::Web::Example->welcome".
[Wed Mar  7 18:56:47 2012] [debug] Rendering template "example/welcome.html.ep".
[Wed Mar  7 18:56:47 2012] [debug] Rendering template "layouts/default.html.ep".
[Wed Mar  7 18:56:47 2012] [debug] 200 OK (0.019152s, 52.214/s).
[Wed Mar  7 18:56:58 2012] [debug] GET / (Mozilla/5.0 (X11; Linux x86_64) AppleWebKit/535.11 (KHTML, like Gecko) Chrome/17.0.963.56 Safari/535.11).
[Wed Mar  7 18:56:58 2012] [debug] Dispatching "Unicorn::Manager::Web::Example->welcome".
[Wed Mar  7 18:56:58 2012] [debug] 200 OK (0.002969s, 336.814/s).
[Thu Mar  8 14:51:17 2012] [info] Listening at "http://*:3000".
[Thu Mar  8 14:51:22 2012] [debug] Your secret passphrase needs to be changed!!!
[Thu Mar  8 14:51:22 2012] [debug] GET / (Mozilla/5.0 (X11; Linux x86_64) AppleWebKit/535.11 (KHTML, like Gecko) Chrome/17.0.963.56 Safari/535.11).
[Thu Mar  8 14:51:22 2012] [debug] Dispatching "Unicorn::Manager::Web::Admin->welcome".
[Thu Mar  8 14:51:22 2012] [debug] Template "admin/welcome.html.ep" not found.
[Thu Mar  8 14:51:22 2012] [debug] Template "admin/welcome.html.ep" not found.
[Thu Mar  8 14:51:22 2012] [debug] Nothing has been rendered, assuming delayed response.
[Thu Mar  8 14:51:37 2012] [error] Inactivity timeout.
[Thu Mar  8 14:51:55 2012] [debug] Your secret passphrase needs to be changed!!!
[Thu Mar  8 14:51:55 2012] [debug] GET /welcome (Mozilla/5.0 (X11; Linux x86_64) AppleWebKit/535.11 (KHTML, like Gecko) Chrome/17.0.963.56 Safari/535.11).
[Thu Mar  8 14:51:55 2012] [debug] Template "not_found.development.html.ep" not found.
[Thu Mar  8 14:51:55 2012] [debug] Template "not_found.html.ep" not found.
[Thu Mar  8 14:51:55 2012] [debug] Rendering inline template.
[Thu Mar  8 14:51:55 2012] [debug] Rendering inline template.
[Thu Mar  8 14:51:55 2012] [debug] 404 Not Found (0.015295s, 65.381/s).
[Thu Mar  8 14:52:06 2012] [debug] GET / (Mozilla/5.0 (X11; Linux x86_64) AppleWebKit/535.11 (KHTML, like Gecko) Chrome/17.0.963.56 Safari/535.11).
[Thu Mar  8 14:52:06 2012] [debug] Dispatching "Unicorn::Manager::Web::Admin->welcome".
[Thu Mar  8 14:52:06 2012] [debug] Template "admin/welcome.html.ep" not found.
[Thu Mar  8 14:52:06 2012] [debug] Template "admin/welcome.html.ep" not found.
[Thu Mar  8 14:52:06 2012] [debug] Nothing has been rendered, assuming delayed response.
[Thu Mar  8 14:52:21 2012] [error] Inactivity timeout.
[Thu Mar  8 14:52:21 2012] [debug] GET / (Mozilla/5.0 (X11; Linux x86_64) AppleWebKit/535.11 (KHTML, like Gecko) Chrome/17.0.963.56 Safari/535.11).
[Thu Mar  8 14:52:21 2012] [debug] Dispatching "Unicorn::Manager::Web::Admin->welcome".
[Thu Mar  8 14:52:21 2012] [debug] Template "admin/welcome.html.ep" not found.
[Thu Mar  8 14:52:21 2012] [debug] Template "admin/welcome.html.ep" not found.
[Thu Mar  8 14:52:21 2012] [debug] Nothing has been rendered, assuming delayed response.
[Thu Mar  8 14:52:31 2012] [debug] GET /welcome (Mozilla/5.0 (X11; Linux x86_64) AppleWebKit/535.11 (KHTML, like Gecko) Chrome/17.0.963.56 Safari/535.11).
[Thu Mar  8 14:52:31 2012] [debug] Template "not_found.development.html.ep" not found.
[Thu Mar  8 14:52:31 2012] [debug] Template "not_found.html.ep" not found.
[Thu Mar  8 14:52:31 2012] [debug] 404 Not Found (0.010564s, 94.661/s).
[Thu Mar  8 14:52:36 2012] [debug] GET / (Mozilla/5.0 (X11; Linux x86_64) AppleWebKit/535.11 (KHTML, like Gecko) Chrome/17.0.963.56 Safari/535.11).
[Thu Mar  8 14:52:36 2012] [debug] Dispatching "Unicorn::Manager::Web::Admin->welcome".
[Thu Mar  8 14:52:36 2012] [debug] Rendering template "admin/welcome.html.ep".
[Thu Mar  8 14:52:36 2012] [debug] Rendering template "layouts/default.html.ep".
[Thu Mar  8 14:52:36 2012] [debug] 200 OK (0.007317s, 136.668/s).
[Thu Mar  8 15:35:49 2012] [debug] Your secret passphrase needs to be changed!!!
[Thu Mar  8 15:35:49 2012] [debug] GET / (Mozilla/5.0 (X11; Linux x86_64) AppleWebKit/535.11 (KHTML, like Gecko) Chrome/17.0.963.56 Safari/535.11).
[Thu Mar  8 15:35:49 2012] [debug] Template "not_found.development.html.ep" not found.
[Thu Mar  8 15:35:49 2012] [debug] Template "not_found.html.ep" not found.
[Thu Mar  8 15:35:49 2012] [debug] Rendering inline template.
[Thu Mar  8 15:35:50 2012] [debug] Rendering inline template.
[Thu Mar  8 15:35:50 2012] [debug] 404 Not Found (0.019122s, 52.296/s).
[Thu Mar  8 15:35:57 2012] [info] Listening at "http://*:3000".
[Thu Mar  8 15:35:59 2012] [debug] Your secret passphrase needs to be changed!!!
[Thu Mar  8 15:35:59 2012] [debug] GET / (Mozilla/5.0 (X11; Linux x86_64) AppleWebKit/535.11 (KHTML, like Gecko) Chrome/17.0.963.56 Safari/535.11).
[Thu Mar  8 15:35:59 2012] [debug] Template "not_found.development.html.ep" not found.
[Thu Mar  8 15:35:59 2012] [debug] Template "not_found.html.ep" not found.
[Thu Mar  8 15:35:59 2012] [debug] Rendering inline template.
[Thu Mar  8 15:35:59 2012] [debug] Rendering inline template.
[Thu Mar  8 15:35:59 2012] [debug] 404 Not Found (0.016637s, 60.107/s).
[Thu Mar  8 15:36:50 2012] [debug] Your secret passphrase needs to be changed!!!
[Thu Mar  8 15:36:50 2012] [debug] GET / (Mozilla/5.0 (X11; Linux x86_64) AppleWebKit/535.11 (KHTML, like Gecko) Chrome/17.0.963.56 Safari/535.11).
[Thu Mar  8 15:36:50 2012] [debug] Template "not_found.development.html.ep" not found.
[Thu Mar  8 15:36:50 2012] [debug] Template "not_found.html.ep" not found.
[Thu Mar  8 15:36:50 2012] [debug] Rendering inline template.
[Thu Mar  8 15:36:50 2012] [debug] Rendering inline template.
[Thu Mar  8 15:36:50 2012] [debug] 404 Not Found (0.017590s, 56.850/s).
[Thu Mar  8 15:36:54 2012] [debug] GET /login (Mozilla/5.0 (X11; Linux x86_64) AppleWebKit/535.11 (KHTML, like Gecko) Chrome/17.0.963.56 Safari/535.11).
[Thu Mar  8 15:36:54 2012] [debug] Dispatching "Unicorn::Manager::Web::Admin->login".
[Thu Mar  8 15:36:54 2012] [debug] Template "login.html.ep" not found.
[Thu Mar  8 15:36:54 2012] [debug] Rendering template "admin/login.html.ep".
[Thu Mar  8 15:36:54 2012] [error] Global symbol "$message" requires explicit package name at template "admin/login.html.ep" line 3, near "%= form_for '/login' => ( method => 'post' ) => begin".
1: % layout 'default';
2: % title 'Login';
3: %= t h2 => $message
4: %= form_for '/login' => ( method => 'post' ) => begin
5:     Username: <%= text_field 'username' %>
6:     Password: <%= text_field 'password' %>
7:     %= submit_button 'Log in'
8: %= end

[Thu Mar  8 15:36:54 2012] [debug] Template "exception.development.html.ep" not found.
[Thu Mar  8 15:36:54 2012] [debug] Template "exception.html.ep" not found.
[Thu Mar  8 15:36:54 2012] [debug] Rendering inline template.
[Thu Mar  8 15:36:54 2012] [debug] Rendering inline template.
[Thu Mar  8 15:36:54 2012] [debug] 500 Internal Server Error (0.022313s, 44.817/s).
[Thu Mar  8 15:37:33 2012] [debug] Your secret passphrase needs to be changed!!!
[Thu Mar  8 15:37:33 2012] [debug] GET /login (Mozilla/5.0 (X11; Linux x86_64) AppleWebKit/535.11 (KHTML, like Gecko) Chrome/17.0.963.56 Safari/535.11).
[Thu Mar  8 15:37:33 2012] [debug] Dispatching "Unicorn::Manager::Web::Admin->login".
[Thu Mar  8 15:37:33 2012] [debug] Template "login.html.ep" not found.
[Thu Mar  8 15:37:33 2012] [debug] Rendering template "admin/login.html.ep".
[Thu Mar  8 15:37:33 2012] [debug] Rendering template "layouts/default.html.ep".
[Thu Mar  8 15:37:33 2012] [debug] 200 OK (0.011536s, 86.685/s).
[Thu Mar  8 15:37:40 2012] [debug] POST /login (Mozilla/5.0 (X11; Linux x86_64) AppleWebKit/535.11 (KHTML, like Gecko) Chrome/17.0.963.56 Safari/535.11).
[Thu Mar  8 15:37:40 2012] [debug] Dispatching "Unicorn::Manager::Web::Admin->login".
[Thu Mar  8 15:37:40 2012] [debug] Template "login.html.ep" not found.
[Thu Mar  8 15:37:40 2012] [debug] 200 OK (0.005142s, 194.477/s).
[Thu Mar  8 15:38:08 2012] [debug] GET /l (Mozilla/5.0 (X11; Linux x86_64) AppleWebKit/535.11 (KHTML, like Gecko) Chrome/17.0.963.56 Safari/535.11).
[Thu Mar  8 15:38:08 2012] [debug] Template "not_found.development.html.ep" not found.
[Thu Mar  8 15:38:08 2012] [debug] Template "not_found.html.ep" not found.
[Thu Mar  8 15:38:08 2012] [debug] Rendering inline template.
[Thu Mar  8 15:38:08 2012] [debug] Rendering inline template.
[Thu Mar  8 15:38:08 2012] [debug] 404 Not Found (0.014664s, 68.194/s).
[Thu Mar  8 15:38:12 2012] [debug] GET / (Mozilla/5.0 (X11; Linux x86_64) AppleWebKit/535.11 (KHTML, like Gecko) Chrome/17.0.963.56 Safari/535.11).
[Thu Mar  8 15:38:12 2012] [debug] Template "not_found.development.html.ep" not found.
[Thu Mar  8 15:38:12 2012] [debug] Template "not_found.html.ep" not found.
[Thu Mar  8 15:38:12 2012] [debug] 404 Not Found (0.006987s, 143.123/s).
[Thu Mar  8 15:41:17 2012] [debug] Your secret passphrase needs to be changed!!!
[Thu Mar  8 15:41:17 2012] [debug] GET /logout (Mozilla/5.0 (X11; Linux x86_64) AppleWebKit/535.11 (KHTML, like Gecko) Chrome/17.0.963.56 Safari/535.11).
[Thu Mar  8 15:41:17 2012] [debug] Dispatching "Unicorn::Manager::Web::Admin->logout".
[Thu Mar  8 15:42:44 2012] [info] Listening at "http://*:3000".
[Thu Mar  8 15:44:15 2012] [debug] Your secret passphrase needs to be changed!!!
[Thu Mar  8 15:44:15 2012] [debug] GET /logout (Mozilla/5.0 (X11; Linux x86_64) AppleWebKit/535.11 (KHTML, like Gecko) Chrome/17.0.963.56 Safari/535.11).
[Thu Mar  8 15:44:15 2012] [debug] Dispatching "Unicorn::Manager::Web::Admin->logout".
[Thu Mar  8 15:44:15 2012] [debug] 200 OK (0.001077s, 928.505/s).
[Thu Mar  8 15:44:20 2012] [debug] GET /login (Mozilla/5.0 (X11; Linux x86_64) AppleWebKit/535.11 (KHTML, like Gecko) Chrome/17.0.963.56 Safari/535.11).
[Thu Mar  8 15:44:20 2012] [debug] Dispatching "Unicorn::Manager::Web::Admin->login".
[Thu Mar  8 15:44:20 2012] [debug] Template "login.html.ep" not found.
[Thu Mar  8 15:44:20 2012] [debug] Rendering template "admin/login.html.ep".
[Thu Mar  8 15:44:20 2012] [debug] Rendering template "layouts/default.html.ep".
[Thu Mar  8 15:44:20 2012] [debug] 200 OK (0.049787s, 20.086/s).
[Thu Mar  8 15:47:06 2012] [debug] Your secret passphrase needs to be changed!!!
[Thu Mar  8 15:47:06 2012] [debug] POST /admin (Mozilla/5.0 (X11; Linux x86_64) AppleWebKit/535.11 (KHTML, like Gecko) Chrome/17.0.963.56 Safari/535.11).
[Thu Mar  8 15:47:06 2012] [debug] Template "not_found.development.html.ep" not found.
[Thu Mar  8 15:47:06 2012] [debug] Template "not_found.html.ep" not found.
[Thu Mar  8 15:47:06 2012] [debug] Rendering inline template.
[Thu Mar  8 15:47:06 2012] [debug] Rendering inline template.
[Thu Mar  8 15:47:06 2012] [debug] 404 Not Found (0.020252s, 49.378/s).
[Thu Mar  8 15:47:10 2012] [debug] GET /admin (Mozilla/5.0 (X11; Linux x86_64) AppleWebKit/535.11 (KHTML, like Gecko) Chrome/17.0.963.56 Safari/535.11).
[Thu Mar  8 15:47:10 2012] [debug] Template "not_found.development.html.ep" not found.
[Thu Mar  8 15:47:10 2012] [debug] Template "not_found.html.ep" not found.
[Thu Mar  8 15:47:10 2012] [debug] 404 Not Found (0.005218s, 191.644/s).
[Thu Mar  8 15:47:29 2012] [debug] GET /admin/welcome (Mozilla/5.0 (X11; Linux x86_64) AppleWebKit/535.11 (KHTML, like Gecko) Chrome/17.0.963.56 Safari/535.11).
[Thu Mar  8 15:47:29 2012] [debug] Template "not_found.development.html.ep" not found.
[Thu Mar  8 15:47:29 2012] [debug] Template "not_found.html.ep" not found.
[Thu Mar  8 15:47:29 2012] [debug] 404 Not Found (0.010187s, 98.164/s).
[Thu Mar  8 15:48:02 2012] [debug] Your secret passphrase needs to be changed!!!
[Thu Mar  8 15:48:02 2012] [debug] GET /admin/welcome (Mozilla/5.0 (X11; Linux x86_64) AppleWebKit/535.11 (KHTML, like Gecko) Chrome/17.0.963.56 Safari/535.11).
[Thu Mar  8 15:48:02 2012] [debug] Template "not_found.development.html.ep" not found.
[Thu Mar  8 15:48:02 2012] [debug] Template "not_found.html.ep" not found.
[Thu Mar  8 15:48:02 2012] [debug] Rendering inline template.
[Thu Mar  8 15:48:02 2012] [debug] Rendering inline template.
[Thu Mar  8 15:48:02 2012] [debug] 404 Not Found (0.016639s, 60.100/s).
[Thu Mar  8 15:48:07 2012] [info] Listening at "http://*:3000".
[Thu Mar  8 15:48:10 2012] [debug] Your secret passphrase needs to be changed!!!
[Thu Mar  8 15:48:10 2012] [debug] GET /admin/welcome (Mozilla/5.0 (X11; Linux x86_64) AppleWebKit/535.11 (KHTML, like Gecko) Chrome/17.0.963.56 Safari/535.11).
[Thu Mar  8 15:48:10 2012] [debug] Template "not_found.development.html.ep" not found.
[Thu Mar  8 15:48:10 2012] [debug] Template "not_found.html.ep" not found.
[Thu Mar  8 15:48:10 2012] [debug] Rendering inline template.
[Thu Mar  8 15:48:10 2012] [debug] Rendering inline template.
[Thu Mar  8 15:48:10 2012] [debug] 404 Not Found (0.022681s, 44.090/s).
[Thu Mar  8 15:48:19 2012] [debug] Your secret passphrase needs to be changed!!!
[Thu Mar  8 15:48:19 2012] [debug] GET /admin/welcome (Mozilla/5.0 (X11; Linux x86_64) AppleWebKit/535.11 (KHTML, like Gecko) Chrome/17.0.963.56 Safari/535.11).
[Thu Mar  8 15:48:19 2012] [debug] Template "not_found.development.html.ep" not found.
[Thu Mar  8 15:48:19 2012] [debug] Template "not_found.html.ep" not found.
[Thu Mar  8 15:48:19 2012] [debug] Rendering inline template.
[Thu Mar  8 15:48:19 2012] [debug] Rendering inline template.
[Thu Mar  8 15:48:19 2012] [debug] 404 Not Found (0.016521s, 60.529/s).
[Thu Mar  8 15:48:28 2012] [debug] Your secret passphrase needs to be changed!!!
[Thu Mar  8 15:48:28 2012] [debug] GET /admin/welcome (Mozilla/5.0 (X11; Linux x86_64) AppleWebKit/535.11 (KHTML, like Gecko) Chrome/17.0.963.56 Safari/535.11).
[Thu Mar  8 15:48:28 2012] [debug] Template "not_found.development.html.ep" not found.
[Thu Mar  8 15:48:28 2012] [debug] Template "not_found.html.ep" not found.
[Thu Mar  8 15:48:28 2012] [debug] Rendering inline template.
[Thu Mar  8 15:48:28 2012] [debug] Rendering inline template.
[Thu Mar  8 15:48:28 2012] [debug] 404 Not Found (0.017613s, 56.776/s).
[Thu Mar  8 15:48:38 2012] [debug] GET /login (Mozilla/5.0 (X11; Linux x86_64) AppleWebKit/535.11 (KHTML, like Gecko) Chrome/17.0.963.56 Safari/535.11).
[Thu Mar  8 15:48:38 2012] [debug] Dispatching "Unicorn::Manager::Web::Admin->login".
[Thu Mar  8 15:48:38 2012] [debug] Template "login.html.ep" not found.
[Thu Mar  8 15:48:38 2012] [debug] Rendering template "admin/login.html.ep".
[Thu Mar  8 15:48:38 2012] [debug] Rendering template "layouts/default.html.ep".
[Thu Mar  8 15:48:38 2012] [debug] 200 OK (0.011391s, 87.789/s).
[Thu Mar  8 15:48:43 2012] [debug] POST /admin/welcome (Mozilla/5.0 (X11; Linux x86_64) AppleWebKit/535.11 (KHTML, like Gecko) Chrome/17.0.963.56 Safari/535.11).
[Thu Mar  8 15:48:43 2012] [debug] Template "not_found.development.html.ep" not found.
[Thu Mar  8 15:48:43 2012] [debug] Template "not_found.html.ep" not found.
[Thu Mar  8 15:48:43 2012] [debug] 404 Not Found (0.016631s, 60.129/s).
[Thu Mar  8 15:50:51 2012] [debug] Your secret passphrase needs to be changed!!!
[Thu Mar  8 15:50:51 2012] [debug] POST /admin/welcome (Mozilla/5.0 (X11; Linux x86_64) AppleWebKit/535.11 (KHTML, like Gecko) Chrome/17.0.963.56 Safari/535.11).
[Thu Mar  8 15:50:51 2012] [debug] Template "not_found.development.html.ep" not found.
[Thu Mar  8 15:50:51 2012] [debug] Template "not_found.html.ep" not found.
[Thu Mar  8 15:50:51 2012] [debug] Rendering inline template.
[Thu Mar  8 15:50:51 2012] [debug] Rendering inline template.
[Thu Mar  8 15:50:51 2012] [debug] 404 Not Found (0.014388s, 69.502/s).
[Thu Mar  8 15:50:56 2012] [debug] GET /admin/welcome (Mozilla/5.0 (X11; Linux x86_64) AppleWebKit/535.11 (KHTML, like Gecko) Chrome/17.0.963.56 Safari/535.11).
[Thu Mar  8 15:50:56 2012] [debug] Template "not_found.development.html.ep" not found.
[Thu Mar  8 15:50:56 2012] [debug] Template "not_found.html.ep" not found.
[Thu Mar  8 15:50:56 2012] [debug] 404 Not Found (0.008527s, 117.275/s).
[Thu Mar  8 15:51:12 2012] [debug] Your secret passphrase needs to be changed!!!
[Thu Mar  8 15:51:12 2012] [debug] GET /admin/welcome (Mozilla/5.0 (X11; Linux x86_64) AppleWebKit/535.11 (KHTML, like Gecko) Chrome/17.0.963.56 Safari/535.11).
[Thu Mar  8 15:51:12 2012] [debug] Template "not_found.development.html.ep" not found.
[Thu Mar  8 15:51:12 2012] [debug] Template "not_found.html.ep" not found.
[Thu Mar  8 15:51:12 2012] [debug] Rendering inline template.
[Thu Mar  8 15:51:12 2012] [debug] Rendering inline template.
[Thu Mar  8 15:51:12 2012] [debug] 404 Not Found (0.014897s, 67.128/s).
[Thu Mar  8 15:53:51 2012] [debug] Your secret passphrase needs to be changed!!!
[Thu Mar  8 15:53:51 2012] [debug] GET /admin/welcome (Mozilla/5.0 (X11; Linux x86_64) AppleWebKit/535.11 (KHTML, like Gecko) Chrome/17.0.963.56 Safari/535.11).
[Thu Mar  8 15:53:51 2012] [debug] Dispatching "Unicorn::Manager::Web::Admin->welcome".
[Thu Mar  8 15:53:51 2012] [debug] 302 Found (0.002235s, 447.427/s).
[Thu Mar  8 15:53:51 2012] [debug] GET /login (Mozilla/5.0 (X11; Linux x86_64) AppleWebKit/535.11 (KHTML, like Gecko) Chrome/17.0.963.56 Safari/535.11).
[Thu Mar  8 15:53:51 2012] [debug] Dispatching "Unicorn::Manager::Web::Admin->login".
[Thu Mar  8 15:53:51 2012] [debug] Template "login.html.ep" not found.
[Thu Mar  8 15:53:51 2012] [debug] Rendering template "admin/login.html.ep".
[Thu Mar  8 15:53:51 2012] [debug] Rendering template "layouts/default.html.ep".
[Thu Mar  8 15:53:51 2012] [debug] 200 OK (0.007047s, 141.904/s).
[Thu Mar  8 15:53:57 2012] [debug] POST /admin/welcome (Mozilla/5.0 (X11; Linux x86_64) AppleWebKit/535.11 (KHTML, like Gecko) Chrome/17.0.963.56 Safari/535.11).
[Thu Mar  8 15:53:57 2012] [debug] Dispatching "Unicorn::Manager::Web::Admin->welcome".
[Thu Mar  8 15:53:57 2012] [debug] 302 Found (0.003190s, 313.480/s).
[Thu Mar  8 15:53:57 2012] [debug] GET /login (Mozilla/5.0 (X11; Linux x86_64) AppleWebKit/535.11 (KHTML, like Gecko) Chrome/17.0.963.56 Safari/535.11).
[Thu Mar  8 15:53:57 2012] [debug] Dispatching "Unicorn::Manager::Web::Admin->login".
[Thu Mar  8 15:53:57 2012] [debug] Template "login.html.ep" not found.
[Thu Mar  8 15:53:57 2012] [debug] 200 OK (0.004550s, 219.780/s).
[Thu Mar  8 15:54:42 2012] [info] Listening at "http://*:3000".
[Thu Mar  8 15:54:50 2012] [debug] Your secret passphrase needs to be changed!!!
[Thu Mar  8 15:54:50 2012] [debug] POST /admin/welcome (Mozilla/5.0 (X11; Linux x86_64) AppleWebKit/535.11 (KHTML, like Gecko) Chrome/17.0.963.56 Safari/535.11).
[Thu Mar  8 15:54:50 2012] [debug] Dispatching "Unicorn::Manager::Web::Admin->welcome".
[Thu Mar  8 15:54:50 2012] [debug] 302 Found (0.001367s, 731.529/s).
[Thu Mar  8 15:54:50 2012] [debug] GET /login (Mozilla/5.0 (X11; Linux x86_64) AppleWebKit/535.11 (KHTML, like Gecko) Chrome/17.0.963.56 Safari/535.11).
[Thu Mar  8 15:54:50 2012] [debug] Dispatching "Unicorn::Manager::Web::Admin->login".
[Thu Mar  8 15:54:50 2012] [debug] Template "login.html.ep" not found.
[Thu Mar  8 15:54:50 2012] [debug] Rendering template "admin/login.html.ep".
[Thu Mar  8 15:54:50 2012] [debug] Rendering template "layouts/default.html.ep".
[Thu Mar  8 15:54:50 2012] [debug] 200 OK (0.008866s, 112.790/s).
[Thu Mar  8 15:55:22 2012] [debug] Your secret passphrase needs to be changed!!!
[Thu Mar  8 15:55:22 2012] [debug] GET /login (Mozilla/5.0 (X11; Linux x86_64) AppleWebKit/535.11 (KHTML, like Gecko) Chrome/17.0.963.56 Safari/535.11).
[Thu Mar  8 15:55:22 2012] [debug] Dispatching "Unicorn::Manager::Web::Admin->login".
[Thu Mar  8 15:55:22 2012] [debug] Template "login.html.ep" not found.
[Thu Mar  8 15:55:22 2012] [debug] Rendering template "admin/login.html.ep".
[Thu Mar  8 15:55:22 2012] [debug] Rendering template "layouts/default.html.ep".
[Thu Mar  8 15:55:22 2012] [debug] 200 OK (0.010491s, 95.320/s).
[Thu Mar  8 15:55:29 2012] [debug] POST /welcome (Mozilla/5.0 (X11; Linux x86_64) AppleWebKit/535.11 (KHTML, like Gecko) Chrome/17.0.963.56 Safari/535.11).
[Thu Mar  8 15:55:29 2012] [debug] Dispatching "Unicorn::Manager::Web::Admin->welcome".
[Thu Mar  8 15:55:29 2012] [debug] 302 Found (0.002813s, 355.492/s).
[Thu Mar  8 15:55:29 2012] [debug] GET /login (Mozilla/5.0 (X11; Linux x86_64) AppleWebKit/535.11 (KHTML, like Gecko) Chrome/17.0.963.56 Safari/535.11).
[Thu Mar  8 15:55:29 2012] [debug] Dispatching "Unicorn::Manager::Web::Admin->login".
[Thu Mar  8 15:55:29 2012] [debug] Template "login.html.ep" not found.
[Thu Mar  8 15:55:29 2012] [debug] 200 OK (0.004552s, 219.684/s).
[Thu Mar  8 15:55:53 2012] [debug] POST /welcome (Mozilla/5.0 (X11; Linux x86_64) AppleWebKit/535.11 (KHTML, like Gecko) Chrome/17.0.963.56 Safari/535.11).
[Thu Mar  8 15:55:53 2012] [debug] Dispatching "Unicorn::Manager::Web::Admin->welcome".
[Thu Mar  8 15:55:53 2012] [debug] Rendering template "admin/welcome.html.ep".
[Thu Mar  8 15:55:53 2012] [debug] Rendering template "layouts/default.html.ep".
[Thu Mar  8 15:55:53 2012] [debug] 200 OK (0.015297s, 65.372/s).
[Thu Mar  8 15:56:25 2012] [debug] Your secret passphrase needs to be changed!!!
[Thu Mar  8 15:56:25 2012] [debug] POST /welcome (Mozilla/5.0 (X11; Linux x86_64) AppleWebKit/535.11 (KHTML, like Gecko) Chrome/17.0.963.56 Safari/535.11).
[Thu Mar  8 15:56:25 2012] [debug] Dispatching "Unicorn::Manager::Web::Admin->welcome".
[Thu Mar  8 15:56:25 2012] [debug] Rendering template "admin/welcome.html.ep".
[Thu Mar  8 15:56:25 2012] [debug] Rendering template "layouts/default.html.ep".
[Thu Mar  8 15:56:25 2012] [debug] 200 OK (0.009527s, 104.965/s).
[Thu Mar  8 15:56:35 2012] [debug] GET /welcome (Mozilla/5.0 (X11; Linux x86_64) AppleWebKit/535.11 (KHTML, like Gecko) Chrome/17.0.963.56 Safari/535.11).
[Thu Mar  8 15:56:35 2012] [debug] Dispatching "Unicorn::Manager::Web::Admin->welcome".
[Thu Mar  8 15:56:35 2012] [debug] 200 OK (0.004076s, 245.339/s).
[Thu Mar  8 15:56:40 2012] [info] Listening at "http://*:3000".
[Thu Mar  8 15:56:42 2012] [debug] Your secret passphrase needs to be changed!!!
[Thu Mar  8 15:56:42 2012] [debug] GET /welcome (Mozilla/5.0 (X11; Linux x86_64) AppleWebKit/535.11 (KHTML, like Gecko) Chrome/17.0.963.56 Safari/535.11).
[Thu Mar  8 15:56:42 2012] [debug] Dispatching "Unicorn::Manager::Web::Admin->welcome".
[Thu Mar  8 15:56:42 2012] [debug] Rendering template "admin/welcome.html.ep".
[Thu Mar  8 15:56:42 2012] [debug] Rendering template "layouts/default.html.ep".
[Thu Mar  8 15:56:42 2012] [debug] 200 OK (0.013089s, 76.400/s).
[Thu Mar  8 15:56:46 2012] [debug] GET /welcome (Mozilla/5.0 (X11; Linux x86_64) AppleWebKit/535.11 (KHTML, like Gecko) Chrome/17.0.963.56 Safari/535.11).
[Thu Mar  8 15:56:46 2012] [debug] Dispatching "Unicorn::Manager::Web::Admin->welcome".
[Thu Mar  8 15:56:46 2012] [debug] 200 OK (0.001714s, 583.431/s).
[Thu Mar  8 15:57:23 2012] [debug] Your secret passphrase needs to be changed!!!
[Thu Mar  8 15:57:23 2012] [debug] GET /welcome (Mozilla/5.0 (X11; Linux x86_64) AppleWebKit/535.11 (KHTML, like Gecko) Chrome/17.0.963.56 Safari/535.11).
[Thu Mar  8 15:57:23 2012] [debug] Dispatching "Unicorn::Manager::Web::Admin->welcome".
[Thu Mar  8 15:57:23 2012] [debug] Rendering template "admin/welcome.html.ep".
[Thu Mar  8 15:57:23 2012] [debug] Rendering template "layouts/default.html.ep".
[Thu Mar  8 15:57:23 2012] [debug] 200 OK (0.006168s, 162.127/s).
[Thu Mar  8 16:00:16 2012] [debug] Your secret passphrase needs to be changed!!!
[Thu Mar  8 16:00:16 2012] [debug] GET /welcome (Mozilla/5.0 (X11; Linux x86_64) AppleWebKit/535.11 (KHTML, like Gecko) Chrome/17.0.963.56 Safari/535.11).
[Thu Mar  8 16:00:16 2012] [debug] Dispatching "Unicorn::Manager::Web::Admin->welcome".
[Thu Mar  8 16:00:16 2012] [debug] Rendering template "admin/welcome.html.ep".
[Thu Mar  8 16:00:16 2012] [debug] Rendering template "layouts/default.html.ep".
[Thu Mar  8 16:00:16 2012] [debug] 200 OK (0.008021s, 124.673/s).
[Thu Mar  8 16:00:28 2012] [debug] GET /logout (Mozilla/5.0 (X11; Linux x86_64) AppleWebKit/535.11 (KHTML, like Gecko) Chrome/17.0.963.56 Safari/535.11).
[Thu Mar  8 16:00:28 2012] [debug] Dispatching "Unicorn::Manager::Web::Admin->logout".
[Thu Mar  8 16:00:28 2012] [debug] 200 OK (0.000564s, 1773.050/s).
[Thu Mar  8 16:00:35 2012] [debug] GET /welcome (Mozilla/5.0 (X11; Linux x86_64) AppleWebKit/535.11 (KHTML, like Gecko) Chrome/17.0.963.56 Safari/535.11).
[Thu Mar  8 16:00:35 2012] [debug] Dispatching "Unicorn::Manager::Web::Admin->welcome".
[Thu Mar  8 16:00:35 2012] [debug] 200 OK (0.001040s, 961.538/s).
[Thu Mar  8 16:02:10 2012] [debug] Your secret passphrase needs to be changed!!!
[Thu Mar  8 16:02:10 2012] [debug] GET /welcome (Mozilla/5.0 (X11; Linux x86_64) AppleWebKit/535.11 (KHTML, like Gecko) Chrome/17.0.963.56 Safari/535.11).
[Thu Mar  8 16:02:10 2012] [debug] Dispatching "Unicorn::Manager::Web::Admin->welcome".
[Thu Mar  8 16:02:10 2012] [debug] Rendering template "admin/welcome.html.ep".
[Thu Mar  8 16:02:10 2012] [debug] Rendering template "layouts/default.html.ep".
[Thu Mar  8 16:02:10 2012] [debug] 200 OK (0.007308s, 136.836/s).
[Thu Mar  8 16:02:14 2012] [debug] GET /logout (Mozilla/5.0 (X11; Linux x86_64) AppleWebKit/535.11 (KHTML, like Gecko) Chrome/17.0.963.56 Safari/535.11).
[Thu Mar  8 16:02:14 2012] [debug] Dispatching "Unicorn::Manager::Web::Admin->logout".
[Thu Mar  8 16:02:14 2012] [debug] 200 OK (0.000571s, 1751.313/s).
[Thu Mar  8 16:02:20 2012] [debug] GET /welcome (Mozilla/5.0 (X11; Linux x86_64) AppleWebKit/535.11 (KHTML, like Gecko) Chrome/17.0.963.56 Safari/535.11).
[Thu Mar  8 16:02:20 2012] [debug] Dispatching "Unicorn::Manager::Web::Admin->welcome".
[Thu Mar  8 16:02:20 2012] [debug] 200 OK (0.001048s, 954.198/s).
[Thu Mar  8 16:02:58 2012] [debug] Your secret passphrase needs to be changed!!!
[Thu Mar  8 16:02:58 2012] [debug] GET /welcome (Mozilla/5.0 (X11; Linux x86_64) AppleWebKit/535.11 (KHTML, like Gecko) Chrome/17.0.963.56 Safari/535.11).
[Thu Mar  8 16:02:58 2012] [debug] Dispatching "Unicorn::Manager::Web::Admin->welcome".
[Thu Mar  8 16:02:58 2012] [debug] Rendering template "admin/welcome.html.ep".
[Thu Mar  8 16:02:58 2012] [debug] Rendering template "layouts/default.html.ep".
[Thu Mar  8 16:02:58 2012] [debug] 200 OK (0.010573s, 94.581/s).
[Thu Mar  8 16:03:07 2012] [debug] GET /leave (Mozilla/5.0 (X11; Linux x86_64) AppleWebKit/535.11 (KHTML, like Gecko) Chrome/17.0.963.56 Safari/535.11).
[Thu Mar  8 16:03:07 2012] [debug] Dispatching "Unicorn::Manager::Web::Admin->logout".
[Thu Mar  8 16:03:07 2012] [debug] Action "Unicorn::Manager::Web::Admin->logout" not found, assuming template without action.
[Thu Mar  8 16:03:07 2012] [debug] Template "admin/logout.html.ep" not found.
[Thu Mar  8 16:03:07 2012] [debug] Template "not_found.development.html.ep" not found.
[Thu Mar  8 16:03:07 2012] [debug] Template "not_found.html.ep" not found.
[Thu Mar  8 16:03:07 2012] [debug] Rendering inline template.
[Thu Mar  8 16:03:07 2012] [debug] Rendering inline template.
[Thu Mar  8 16:03:07 2012] [debug] 404 Not Found (0.017277s, 57.880/s).
[Thu Mar  8 16:03:42 2012] [debug] GET /leave (Mozilla/5.0 (X11; Linux x86_64) AppleWebKit/535.11 (KHTML, like Gecko) Chrome/17.0.963.56 Safari/535.11).
[Thu Mar  8 16:03:42 2012] [debug] Dispatching "Unicorn::Manager::Web::Admin->logout".
[Thu Mar  8 16:03:42 2012] [debug] Action "Unicorn::Manager::Web::Admin->logout" not found, assuming template without action.
[Thu Mar  8 16:03:42 2012] [debug] Template "admin/logout.html.ep" not found.
[Thu Mar  8 16:03:42 2012] [debug] Template "not_found.development.html.ep" not found.
[Thu Mar  8 16:03:42 2012] [debug] Template "not_found.html.ep" not found.
[Thu Mar  8 16:03:42 2012] [debug] 404 Not Found (0.007951s, 125.770/s).
[Thu Mar  8 16:04:07 2012] [debug] Your secret passphrase needs to be changed!!!
[Thu Mar  8 16:04:07 2012] [debug] GET /leave (Mozilla/5.0 (X11; Linux x86_64) AppleWebKit/535.11 (KHTML, like Gecko) Chrome/17.0.963.56 Safari/535.11).
[Thu Mar  8 16:04:07 2012] [debug] Dispatching "Unicorn::Manager::Web::Admin->leave".
[Thu Mar  8 16:04:07 2012] [debug] 200 OK (0.003258s, 306.937/s).
[Thu Mar  8 16:04:11 2012] [debug] GET /welcome (Mozilla/5.0 (X11; Linux x86_64) AppleWebKit/535.11 (KHTML, like Gecko) Chrome/17.0.963.56 Safari/535.11).
[Thu Mar  8 16:04:11 2012] [debug] Dispatching "Unicorn::Manager::Web::Admin->welcome".
[Thu Mar  8 16:04:11 2012] [debug] 302 Found (0.000744s, 1344.086/s).
[Thu Mar  8 16:04:11 2012] [debug] GET /login (Mozilla/5.0 (X11; Linux x86_64) AppleWebKit/535.11 (KHTML, like Gecko) Chrome/17.0.963.56 Safari/535.11).
[Thu Mar  8 16:04:11 2012] [debug] Dispatching "Unicorn::Manager::Web::Admin->login".
[Thu Mar  8 16:04:11 2012] [debug] Template "login.html.ep" not found.
[Thu Mar  8 16:04:11 2012] [debug] Rendering template "admin/login.html.ep".
[Thu Mar  8 16:04:11 2012] [debug] Rendering template "layouts/default.html.ep".
[Thu Mar  8 16:04:11 2012] [debug] 200 OK (0.010597s, 94.366/s).
[Thu Mar  8 16:04:27 2012] [debug] Your secret passphrase needs to be changed!!!
[Thu Mar  8 16:04:27 2012] [debug] POST /auth (Mozilla/5.0 (X11; Linux x86_64) AppleWebKit/535.11 (KHTML, like Gecko) Chrome/17.0.963.56 Safari/535.11).
[Thu Mar  8 16:04:27 2012] [debug] Dispatching "Unicorn::Manager::Web::Admin->auth".
[Thu Mar  8 16:04:27 2012] [debug] 302 Found (0.004483s, 223.065/s).
[Thu Mar  8 16:04:27 2012] [debug] GET /login (Mozilla/5.0 (X11; Linux x86_64) AppleWebKit/535.11 (KHTML, like Gecko) Chrome/17.0.963.56 Safari/535.11).
[Thu Mar  8 16:04:27 2012] [debug] Dispatching "Unicorn::Manager::Web::Admin->login".
[Thu Mar  8 16:04:27 2012] [debug] Template "login.html.ep" not found.
[Thu Mar  8 16:04:27 2012] [debug] Rendering template "admin/login.html.ep".
[Thu Mar  8 16:04:27 2012] [debug] Rendering template "layouts/default.html.ep".
[Thu Mar  8 16:04:27 2012] [debug] 200 OK (0.015679s, 63.780/s).
[Thu Mar  8 16:04:36 2012] [debug] POST /auth (Mozilla/5.0 (X11; Linux x86_64) AppleWebKit/535.11 (KHTML, like Gecko) Chrome/17.0.963.56 Safari/535.11).
[Thu Mar  8 16:04:36 2012] [debug] Dispatching "Unicorn::Manager::Web::Admin->auth".
[Thu Mar  8 16:04:36 2012] [debug] 302 Found (0.002234s, 447.628/s).
[Thu Mar  8 16:04:36 2012] [debug] GET /login (Mozilla/5.0 (X11; Linux x86_64) AppleWebKit/535.11 (KHTML, like Gecko) Chrome/17.0.963.56 Safari/535.11).
[Thu Mar  8 16:04:36 2012] [debug] Dispatching "Unicorn::Manager::Web::Admin->login".
[Thu Mar  8 16:04:36 2012] [debug] Template "login.html.ep" not found.
[Thu Mar  8 16:04:36 2012] [debug] 200 OK (0.003983s, 251.067/s).
[Thu Mar  8 16:04:52 2012] [debug] Your secret passphrase needs to be changed!!!
[Thu Mar  8 16:04:52 2012] [debug] POST /auth (Mozilla/5.0 (X11; Linux x86_64) AppleWebKit/535.11 (KHTML, like Gecko) Chrome/17.0.963.56 Safari/535.11).
[Thu Mar  8 16:04:52 2012] [debug] Dispatching "Unicorn::Manager::Web::Admin->auth".
[Thu Mar  8 16:04:52 2012] [debug] 302 Found (0.003723s, 268.601/s).
[Thu Mar  8 16:04:52 2012] [debug] GET /login (Mozilla/5.0 (X11; Linux x86_64) AppleWebKit/535.11 (KHTML, like Gecko) Chrome/17.0.963.56 Safari/535.11).
[Thu Mar  8 16:04:52 2012] [debug] Dispatching "Unicorn::Manager::Web::Admin->login".
[Thu Mar  8 16:04:52 2012] [debug] Template "login.html.ep" not found.
[Thu Mar  8 16:04:52 2012] [debug] Rendering template "admin/login.html.ep".
[Thu Mar  8 16:04:52 2012] [debug] Rendering template "layouts/default.html.ep".
[Thu Mar  8 16:04:52 2012] [debug] 200 OK (0.010460s, 95.602/s).
[Thu Mar  8 16:04:57 2012] [info] Listening at "http://*:3000".
[Thu Mar  8 16:04:59 2012] [debug] Your secret passphrase needs to be changed!!!
[Thu Mar  8 16:04:59 2012] [debug] GET /login (Mozilla/5.0 (X11; Linux x86_64) AppleWebKit/535.11 (KHTML, like Gecko) Chrome/17.0.963.56 Safari/535.11).
[Thu Mar  8 16:04:59 2012] [debug] Dispatching "Unicorn::Manager::Web::Admin->login".
[Thu Mar  8 16:04:59 2012] [debug] Template "login.html.ep" not found.
[Thu Mar  8 16:04:59 2012] [debug] Rendering template "admin/login.html.ep".
[Thu Mar  8 16:04:59 2012] [debug] Rendering template "layouts/default.html.ep".
[Thu Mar  8 16:04:59 2012] [debug] 200 OK (0.012102s, 82.631/s).
[Thu Mar  8 16:05:08 2012] [debug] POST /auth (Mozilla/5.0 (X11; Linux x86_64) AppleWebKit/535.11 (KHTML, like Gecko) Chrome/17.0.963.56 Safari/535.11).
[Thu Mar  8 16:05:08 2012] [debug] Dispatching "Unicorn::Manager::Web::Admin->auth".
[Thu Mar  8 16:05:08 2012] [debug] 302 Found (0.002764s, 361.795/s).
[Thu Mar  8 16:05:08 2012] [debug] GET /login (Mozilla/5.0 (X11; Linux x86_64) AppleWebKit/535.11 (KHTML, like Gecko) Chrome/17.0.963.56 Safari/535.11).
[Thu Mar  8 16:05:08 2012] [debug] Dispatching "Unicorn::Manager::Web::Admin->login".
[Thu Mar  8 16:05:08 2012] [debug] Template "login.html.ep" not found.
[Thu Mar  8 16:05:08 2012] [debug] 200 OK (0.003992s, 250.501/s).
[Thu Mar  8 16:05:58 2012] [debug] Your secret passphrase needs to be changed!!!
[Thu Mar  8 16:05:58 2012] [debug] POST /auth (Mozilla/5.0 (X11; Linux x86_64) AppleWebKit/535.11 (KHTML, like Gecko) Chrome/17.0.963.56 Safari/535.11).
[Thu Mar  8 16:05:58 2012] [debug] Dispatching "Unicorn::Manager::Web::Admin->auth".
[Thu Mar  8 16:05:58 2012] [debug] 302 Found (0.004337s, 230.574/s).
[Thu Mar  8 16:05:58 2012] [debug] GET /welcome (Mozilla/5.0 (X11; Linux x86_64) AppleWebKit/535.11 (KHTML, like Gecko) Chrome/17.0.963.56 Safari/535.11).
[Thu Mar  8 16:05:58 2012] [debug] Dispatching "Unicorn::Manager::Web::Admin->welcome".
[Thu Mar  8 16:05:58 2012] [debug] 302 Found (0.000722s, 1385.042/s).
[Thu Mar  8 16:05:58 2012] [debug] GET /login (Mozilla/5.0 (X11; Linux x86_64) AppleWebKit/535.11 (KHTML, like Gecko) Chrome/17.0.963.56 Safari/535.11).
[Thu Mar  8 16:05:58 2012] [debug] Dispatching "Unicorn::Manager::Web::Admin->login".
[Thu Mar  8 16:05:58 2012] [debug] Template "login.html.ep" not found.
[Thu Mar  8 16:05:58 2012] [debug] Rendering template "admin/login.html.ep".
[Thu Mar  8 16:05:58 2012] [debug] Rendering template "layouts/default.html.ep".
[Thu Mar  8 16:05:58 2012] [debug] 200 OK (0.012446s, 80.347/s).
[Thu Mar  8 16:06:19 2012] [debug] GET /welcome (Mozilla/5.0 (X11; Linux x86_64) AppleWebKit/535.11 (KHTML, like Gecko) Chrome/17.0.963.56 Safari/535.11).
[Thu Mar  8 16:06:19 2012] [debug] Dispatching "Unicorn::Manager::Web::Admin->welcome".
[Thu Mar  8 16:06:19 2012] [debug] 302 Found (0.000552s, 1811.594/s).
[Thu Mar  8 16:06:19 2012] [debug] GET /login (Mozilla/5.0 (X11; Linux x86_64) AppleWebKit/535.11 (KHTML, like Gecko) Chrome/17.0.963.56 Safari/535.11).
[Thu Mar  8 16:06:19 2012] [debug] Dispatching "Unicorn::Manager::Web::Admin->login".
[Thu Mar  8 16:06:19 2012] [debug] Template "login.html.ep" not found.
[Thu Mar  8 16:06:19 2012] [debug] 200 OK (0.002619s, 381.825/s).
[Thu Mar  8 16:06:32 2012] [info] Listening at "http://*:3000".
[Thu Mar  8 16:06:38 2012] [debug] Your secret passphrase needs to be changed!!!
[Thu Mar  8 16:06:38 2012] [debug] GET / (Mozilla/5.0 (X11; Linux x86_64) AppleWebKit/535.11 (KHTML, like Gecko) Chrome/17.0.963.56 Safari/535.11).
[Thu Mar  8 16:06:38 2012] [debug] Template "not_found.development.html.ep" not found.
[Thu Mar  8 16:06:38 2012] [debug] Template "not_found.html.ep" not found.
[Thu Mar  8 16:06:38 2012] [debug] Rendering inline template.
[Thu Mar  8 16:06:38 2012] [debug] Rendering inline template.
[Thu Mar  8 16:06:38 2012] [debug] 404 Not Found (0.023950s, 41.754/s).
[Thu Mar  8 16:06:46 2012] [debug] GET /welcome (Mozilla/5.0 (X11; Linux x86_64) AppleWebKit/535.11 (KHTML, like Gecko) Chrome/17.0.963.56 Safari/535.11).
[Thu Mar  8 16:06:46 2012] [debug] Dispatching "Unicorn::Manager::Web::Admin->welcome".
[Thu Mar  8 16:06:46 2012] [debug] 302 Found (0.001110s, 900.901/s).
[Thu Mar  8 16:06:46 2012] [debug] GET /login (Mozilla/5.0 (X11; Linux x86_64) AppleWebKit/535.11 (KHTML, like Gecko) Chrome/17.0.963.56 Safari/535.11).
[Thu Mar  8 16:06:46 2012] [debug] Dispatching "Unicorn::Manager::Web::Admin->login".
[Thu Mar  8 16:06:46 2012] [debug] Template "login.html.ep" not found.
[Thu Mar  8 16:06:46 2012] [debug] Rendering template "admin/login.html.ep".
[Thu Mar  8 16:06:46 2012] [debug] Rendering template "layouts/default.html.ep".
[Thu Mar  8 16:06:46 2012] [debug] 200 OK (0.005630s, 177.620/s).
[Thu Mar  8 16:06:53 2012] [debug] POST /auth (Mozilla/5.0 (X11; Linux x86_64) AppleWebKit/535.11 (KHTML, like Gecko) Chrome/17.0.963.56 Safari/535.11).
[Thu Mar  8 16:06:53 2012] [debug] Dispatching "Unicorn::Manager::Web::Admin->auth".
[Thu Mar  8 16:06:53 2012] [debug] 302 Found (0.002748s, 363.901/s).
[Thu Mar  8 16:06:53 2012] [debug] GET /welcome (Mozilla/5.0 (X11; Linux x86_64) AppleWebKit/535.11 (KHTML, like Gecko) Chrome/17.0.963.56 Safari/535.11).
[Thu Mar  8 16:06:53 2012] [debug] Dispatching "Unicorn::Manager::Web::Admin->welcome".
[Thu Mar  8 16:06:53 2012] [debug] 302 Found (0.001746s, 572.738/s).
[Thu Mar  8 16:06:53 2012] [debug] GET /login (Mozilla/5.0 (X11; Linux x86_64) AppleWebKit/535.11 (KHTML, like Gecko) Chrome/17.0.963.56 Safari/535.11).
[Thu Mar  8 16:06:53 2012] [debug] Dispatching "Unicorn::Manager::Web::Admin->login".
[Thu Mar  8 16:06:53 2012] [debug] Template "login.html.ep" not found.
[Thu Mar  8 16:06:53 2012] [debug] 200 OK (0.004616s, 216.638/s).
[Thu Mar  8 16:07:00 2012] [debug] POST /auth (Mozilla/5.0 (X11; Linux x86_64) AppleWebKit/535.11 (KHTML, like Gecko) Chrome/17.0.963.56 Safari/535.11).
[Thu Mar  8 16:07:00 2012] [debug] Dispatching "Unicorn::Manager::Web::Admin->auth".
[Thu Mar  8 16:07:00 2012] [debug] 302 Found (0.002643s, 378.358/s).
[Thu Mar  8 16:07:00 2012] [debug] GET /welcome (Mozilla/5.0 (X11; Linux x86_64) AppleWebKit/535.11 (KHTML, like Gecko) Chrome/17.0.963.56 Safari/535.11).
[Thu Mar  8 16:07:00 2012] [debug] Dispatching "Unicorn::Manager::Web::Admin->welcome".
[Thu Mar  8 16:07:00 2012] [debug] Rendering template "admin/welcome.html.ep".
[Thu Mar  8 16:07:00 2012] [debug] Rendering template "layouts/default.html.ep".
[Thu Mar  8 16:07:00 2012] [debug] 200 OK (0.011784s, 84.861/s).
[Thu Mar  8 16:07:40 2012] [debug] Your secret passphrase needs to be changed!!!
[Thu Mar  8 16:07:40 2012] [debug] GET /logout (Mozilla/5.0 (X11; Linux x86_64) AppleWebKit/535.11 (KHTML, like Gecko) Chrome/17.0.963.56 Safari/535.11).
[Thu Mar  8 16:07:40 2012] [debug] Dispatching "Unicorn::Manager::Web::Admin->leave".
[Thu Mar  8 16:07:40 2012] [debug] 200 OK (0.001193s, 838.223/s).
[Thu Mar  8 16:07:45 2012] [debug] GET /welcome (Mozilla/5.0 (X11; Linux x86_64) AppleWebKit/535.11 (KHTML, like Gecko) Chrome/17.0.963.56 Safari/535.11).
[Thu Mar  8 16:07:45 2012] [debug] Dispatching "Unicorn::Manager::Web::Admin->welcome".
[Thu Mar  8 16:07:45 2012] [debug] 302 Found (0.000771s, 1297.017/s).
[Thu Mar  8 16:07:45 2012] [debug] GET /login (Mozilla/5.0 (X11; Linux x86_64) AppleWebKit/535.11 (KHTML, like Gecko) Chrome/17.0.963.56 Safari/535.11).
[Thu Mar  8 16:07:45 2012] [debug] Dispatching "Unicorn::Manager::Web::Admin->login".
[Thu Mar  8 16:07:45 2012] [debug] Template "login.html.ep" not found.
[Thu Mar  8 16:07:45 2012] [debug] Rendering template "admin/login.html.ep".
[Thu Mar  8 16:07:46 2012] [debug] Rendering template "layouts/default.html.ep".
[Thu Mar  8 16:07:46 2012] [debug] 200 OK (0.016418s, 60.909/s).
[Thu Mar  8 16:17:18 2012] [debug] Your secret passphrase needs to be changed!!!
[Thu Mar  8 16:17:18 2012] [debug] GET / (Mozilla/5.0 (X11; Linux x86_64) AppleWebKit/535.11 (KHTML, like Gecko) Chrome/17.0.963.56 Safari/535.11).
[Thu Mar  8 16:17:18 2012] [debug] Template "not_found.development.html.ep" not found.
[Thu Mar  8 16:17:18 2012] [debug] Template "not_found.html.ep" not found.
[Thu Mar  8 16:17:18 2012] [debug] Rendering inline template.
[Thu Mar  8 16:17:18 2012] [debug] Rendering inline template.
[Thu Mar  8 16:17:18 2012] [debug] 404 Not Found (0.021700s, 46.083/s).
[Thu Mar  8 16:17:25 2012] [debug] GET /users/index (Mozilla/5.0 (X11; Linux x86_64) AppleWebKit/535.11 (KHTML, like Gecko) Chrome/17.0.963.56 Safari/535.11).
[Thu Mar  8 16:17:25 2012] [debug] Dispatching "Unicorn::Manager::Web::Users->index".
[Thu Mar  8 16:17:25 2012] [error] Unicorn/Manager/Web/Users.pm did not return a true value at (eval 240) line 1.

[Thu Mar  8 16:17:25 2012] [debug] Template "exception.development.html.ep" not found.
[Thu Mar  8 16:17:25 2012] [debug] Template "exception.html.ep" not found.
[Thu Mar  8 16:17:25 2012] [debug] Rendering inline template.
[Thu Mar  8 16:17:25 2012] [debug] Rendering inline template.
[Thu Mar  8 16:17:25 2012] [debug] 500 Internal Server Error (0.022521s, 44.403/s).
[Thu Mar  8 16:18:23 2012] [debug] Your secret passphrase needs to be changed!!!
[Thu Mar  8 16:18:23 2012] [debug] GET /users/index (Mozilla/5.0 (X11; Linux x86_64) AppleWebKit/535.11 (KHTML, like Gecko) Chrome/17.0.963.56 Safari/535.11).
[Thu Mar  8 16:18:23 2012] [debug] Dispatching "Unicorn::Manager::Web::Users->index".
[Thu Mar  8 16:18:23 2012] [debug] 302 Found (0.004181s, 239.177/s).
[Thu Mar  8 16:18:23 2012] [debug] GET /login (Mozilla/5.0 (X11; Linux x86_64) AppleWebKit/535.11 (KHTML, like Gecko) Chrome/17.0.963.56 Safari/535.11).
[Thu Mar  8 16:18:23 2012] [debug] Dispatching "Unicorn::Manager::Web::Admin->login".
[Thu Mar  8 16:18:23 2012] [debug] Template "login.html.ep" not found.
[Thu Mar  8 16:18:23 2012] [debug] Rendering template "admin/login.html.ep".
[Thu Mar  8 16:18:23 2012] [debug] Rendering template "layouts/default.html.ep".
[Thu Mar  8 16:18:23 2012] [debug] 200 OK (0.021745s, 45.988/s).
[Thu Mar  8 16:18:31 2012] [debug] POST /auth (Mozilla/5.0 (X11; Linux x86_64) AppleWebKit/535.11 (KHTML, like Gecko) Chrome/17.0.963.56 Safari/535.11).
[Thu Mar  8 16:18:31 2012] [debug] Dispatching "Unicorn::Manager::Web::Admin->auth".
[Thu Mar  8 16:18:31 2012] [debug] 302 Found (0.002473s, 404.367/s).
[Thu Mar  8 16:18:31 2012] [debug] GET /welcome (Mozilla/5.0 (X11; Linux x86_64) AppleWebKit/535.11 (KHTML, like Gecko) Chrome/17.0.963.56 Safari/535.11).
[Thu Mar  8 16:18:31 2012] [debug] Dispatching "Unicorn::Manager::Web::Admin->welcome".
[Thu Mar  8 16:18:31 2012] [debug] Rendering template "admin/welcome.html.ep".
[Thu Mar  8 16:18:31 2012] [debug] Rendering template "layouts/default.html.ep".
[Thu Mar  8 16:18:31 2012] [debug] 200 OK (0.010744s, 93.075/s).
[Thu Mar  8 16:18:42 2012] [debug] GET /users/index (Mozilla/5.0 (X11; Linux x86_64) AppleWebKit/535.11 (KHTML, like Gecko) Chrome/17.0.963.56 Safari/535.11).
[Thu Mar  8 16:18:42 2012] [debug] Dispatching "Unicorn::Manager::Web::Users->index".
[Thu Mar  8 16:18:42 2012] [debug] Template "index.html.ep" not found.
[Thu Mar  8 16:18:42 2012] [debug] Rendering template "users/index.html.ep".
[Thu Mar  8 16:18:42 2012] [debug] Rendering template "layouts/default.html.ep".
[Thu Mar  8 16:18:42 2012] [debug] 200 OK (0.005839s, 171.262/s).
[Thu Mar  8 16:22:51 2012] [debug] Your secret passphrase needs to be changed!!!
[Thu Mar  8 16:22:51 2012] [debug] GET /logout (Mozilla/5.0 (X11; Linux x86_64) AppleWebKit/535.11 (KHTML, like Gecko) Chrome/17.0.963.56 Safari/535.11).
[Thu Mar  8 16:22:51 2012] [debug] Dispatching "Unicorn::Manager::Web::Admin->leave".
[Thu Mar  8 16:22:51 2012] [debug] 200 OK (0.001392s, 718.391/s).
[Thu Mar  8 16:22:57 2012] [debug] GET /users/index (Mozilla/5.0 (X11; Linux x86_64) AppleWebKit/535.11 (KHTML, like Gecko) Chrome/17.0.963.56 Safari/535.11).
[Thu Mar  8 16:22:57 2012] [debug] Dispatching "Unicorn::Manager::Web::Users->index".
[Thu Mar  8 16:22:57 2012] [debug] 302 Found (0.001305s, 766.284/s).
[Thu Mar  8 16:22:57 2012] [debug] GET /login (Mozilla/5.0 (X11; Linux x86_64) AppleWebKit/535.11 (KHTML, like Gecko) Chrome/17.0.963.56 Safari/535.11).
[Thu Mar  8 16:22:57 2012] [debug] Dispatching "Unicorn::Manager::Web::Admin->login".
[Thu Mar  8 16:22:57 2012] [debug] Template "login.html.ep" not found.
[Thu Mar  8 16:22:57 2012] [debug] Rendering template "admin/login.html.ep".
[Thu Mar  8 16:22:57 2012] [debug] Rendering template "layouts/default.html.ep".
[Thu Mar  8 16:22:57 2012] [debug] 200 OK (0.012677s, 78.883/s).
[Thu Mar  8 16:23:05 2012] [debug] POST /auth (Mozilla/5.0 (X11; Linux x86_64) AppleWebKit/535.11 (KHTML, like Gecko) Chrome/17.0.963.56 Safari/535.11).
[Thu Mar  8 16:23:05 2012] [debug] Dispatching "Unicorn::Manager::Web::Admin->auth".
[Thu Mar  8 16:23:05 2012] [debug] 302 Found (0.002912s, 343.407/s).
[Thu Mar  8 16:23:05 2012] [debug] GET /auth (Mozilla/5.0 (X11; Linux x86_64) AppleWebKit/535.11 (KHTML, like Gecko) Chrome/17.0.963.56 Safari/535.11).
[Thu Mar  8 16:23:05 2012] [debug] Dispatching "Unicorn::Manager::Web::Admin->auth".
[Thu Mar  8 16:23:05 2012] [debug] 302 Found (0.001989s, 502.765/s).
[Thu Mar  8 16:23:05 2012] [debug] GET /auth (Mozilla/5.0 (X11; Linux x86_64) AppleWebKit/535.11 (KHTML, like Gecko) Chrome/17.0.963.56 Safari/535.11).
[Thu Mar  8 16:23:05 2012] [debug] Dispatching "Unicorn::Manager::Web::Admin->auth".
[Thu Mar  8 16:23:05 2012] [debug] 302 Found (0.000711s, 1406.470/s).
[Thu Mar  8 16:23:05 2012] [debug] GET /auth (Mozilla/5.0 (X11; Linux x86_64) AppleWebKit/535.11 (KHTML, like Gecko) Chrome/17.0.963.56 Safari/535.11).
[Thu Mar  8 16:23:05 2012] [debug] Dispatching "Unicorn::Manager::Web::Admin->auth".
[Thu Mar  8 16:23:05 2012] [debug] 302 Found (0.001767s, 565.931/s).
[Thu Mar  8 16:23:05 2012] [debug] GET /auth (Mozilla/5.0 (X11; Linux x86_64) AppleWebKit/535.11 (KHTML, like Gecko) Chrome/17.0.963.56 Safari/535.11).
[Thu Mar  8 16:23:05 2012] [debug] Dispatching "Unicorn::Manager::Web::Admin->auth".
[Thu Mar  8 16:23:05 2012] [debug] 302 Found (0.002168s, 461.255/s).
[Thu Mar  8 16:23:05 2012] [debug] GET /auth (Mozilla/5.0 (X11; Linux x86_64) AppleWebKit/535.11 (KHTML, like Gecko) Chrome/17.0.963.56 Safari/535.11).
[Thu Mar  8 16:23:05 2012] [debug] Dispatching "Unicorn::Manager::Web::Admin->auth".
[Thu Mar  8 16:23:05 2012] [debug] 302 Found (0.002122s, 471.254/s).
[Thu Mar  8 16:23:05 2012] [debug] GET /auth (Mozilla/5.0 (X11; Linux x86_64) AppleWebKit/535.11 (KHTML, like Gecko) Chrome/17.0.963.56 Safari/535.11).
[Thu Mar  8 16:23:05 2012] [debug] Dispatching "Unicorn::Manager::Web::Admin->auth".
[Thu Mar  8 16:23:05 2012] [debug] 302 Found (0.000664s, 1506.024/s).
[Thu Mar  8 16:23:05 2012] [debug] GET /auth (Mozilla/5.0 (X11; Linux x86_64) AppleWebKit/535.11 (KHTML, like Gecko) Chrome/17.0.963.56 Safari/535.11).
[Thu Mar  8 16:23:06 2012] [debug] Dispatching "Unicorn::Manager::Web::Admin->auth".
[Thu Mar  8 16:23:06 2012] [debug] 302 Found (0.002311s, 432.713/s).
[Thu Mar  8 16:23:06 2012] [debug] GET /auth (Mozilla/5.0 (X11; Linux x86_64) AppleWebKit/535.11 (KHTML, like Gecko) Chrome/17.0.963.56 Safari/535.11).
[Thu Mar  8 16:23:06 2012] [debug] Dispatching "Unicorn::Manager::Web::Admin->auth".
[Thu Mar  8 16:23:06 2012] [debug] 302 Found (0.002226s, 449.236/s).
[Thu Mar  8 16:23:06 2012] [debug] GET /auth (Mozilla/5.0 (X11; Linux x86_64) AppleWebKit/535.11 (KHTML, like Gecko) Chrome/17.0.963.56 Safari/535.11).
[Thu Mar  8 16:23:06 2012] [debug] Dispatching "Unicorn::Manager::Web::Admin->auth".
[Thu Mar  8 16:23:06 2012] [debug] 302 Found (0.002175s, 459.770/s).
[Thu Mar  8 16:23:06 2012] [debug] GET /auth (Mozilla/5.0 (X11; Linux x86_64) AppleWebKit/535.11 (KHTML, like Gecko) Chrome/17.0.963.56 Safari/535.11).
[Thu Mar  8 16:23:06 2012] [debug] Dispatching "Unicorn::Manager::Web::Admin->auth".
[Thu Mar  8 16:23:06 2012] [debug] 302 Found (0.002219s, 450.653/s).
[Thu Mar  8 16:23:06 2012] [debug] GET /auth (Mozilla/5.0 (X11; Linux x86_64) AppleWebKit/535.11 (KHTML, like Gecko) Chrome/17.0.963.56 Safari/535.11).
[Thu Mar  8 16:23:06 2012] [debug] Dispatching "Unicorn::Manager::Web::Admin->auth".
[Thu Mar  8 16:23:06 2012] [debug] 302 Found (0.002128s, 469.925/s).
[Thu Mar  8 16:23:06 2012] [debug] GET /auth (Mozilla/5.0 (X11; Linux x86_64) AppleWebKit/535.11 (KHTML, like Gecko) Chrome/17.0.963.56 Safari/535.11).
[Thu Mar  8 16:23:06 2012] [debug] Dispatching "Unicorn::Manager::Web::Admin->auth".
[Thu Mar  8 16:23:06 2012] [debug] 302 Found (0.002158s, 463.392/s).
[Thu Mar  8 16:23:06 2012] [debug] GET /auth (Mozilla/5.0 (X11; Linux x86_64) AppleWebKit/535.11 (KHTML, like Gecko) Chrome/17.0.963.56 Safari/535.11).
[Thu Mar  8 16:23:06 2012] [debug] Dispatching "Unicorn::Manager::Web::Admin->auth".
[Thu Mar  8 16:23:06 2012] [debug] 302 Found (0.002174s, 459.982/s).
[Thu Mar  8 16:23:06 2012] [debug] GET /auth (Mozilla/5.0 (X11; Linux x86_64) AppleWebKit/535.11 (KHTML, like Gecko) Chrome/17.0.963.56 Safari/535.11).
[Thu Mar  8 16:23:06 2012] [debug] Dispatching "Unicorn::Manager::Web::Admin->auth".
[Thu Mar  8 16:23:06 2012] [debug] 302 Found (0.002148s, 465.549/s).
[Thu Mar  8 16:23:06 2012] [debug] GET /auth (Mozilla/5.0 (X11; Linux x86_64) AppleWebKit/535.11 (KHTML, like Gecko) Chrome/17.0.963.56 Safari/535.11).
[Thu Mar  8 16:23:06 2012] [debug] Dispatching "Unicorn::Manager::Web::Admin->auth".
[Thu Mar  8 16:23:06 2012] [debug] 302 Found (0.003175s, 314.961/s).
[Thu Mar  8 16:23:06 2012] [debug] GET /auth (Mozilla/5.0 (X11; Linux x86_64) AppleWebKit/535.11 (KHTML, like Gecko) Chrome/17.0.963.56 Safari/535.11).
[Thu Mar  8 16:23:06 2012] [debug] Dispatching "Unicorn::Manager::Web::Admin->auth".
[Thu Mar  8 16:23:06 2012] [debug] 302 Found (0.002227s, 449.035/s).
[Thu Mar  8 16:23:06 2012] [debug] GET /auth (Mozilla/5.0 (X11; Linux x86_64) AppleWebKit/535.11 (KHTML, like Gecko) Chrome/17.0.963.56 Safari/535.11).
[Thu Mar  8 16:23:06 2012] [debug] Dispatching "Unicorn::Manager::Web::Admin->auth".
[Thu Mar  8 16:23:06 2012] [debug] 302 Found (0.002096s, 477.099/s).
[Thu Mar  8 16:23:06 2012] [debug] GET /auth (Mozilla/5.0 (X11; Linux x86_64) AppleWebKit/535.11 (KHTML, like Gecko) Chrome/17.0.963.56 Safari/535.11).
[Thu Mar  8 16:23:06 2012] [debug] Dispatching "Unicorn::Manager::Web::Admin->auth".
[Thu Mar  8 16:23:06 2012] [debug] 302 Found (0.002175s, 459.770/s).
[Thu Mar  8 16:23:06 2012] [debug] GET /auth (Mozilla/5.0 (X11; Linux x86_64) AppleWebKit/535.11 (KHTML, like Gecko) Chrome/17.0.963.56 Safari/535.11).
[Thu Mar  8 16:23:06 2012] [debug] Dispatching "Unicorn::Manager::Web::Admin->auth".
[Thu Mar  8 16:23:06 2012] [debug] 302 Found (0.002156s, 463.822/s).
[Thu Mar  8 16:23:06 2012] [debug] GET /auth (Mozilla/5.0 (X11; Linux x86_64) AppleWebKit/535.11 (KHTML, like Gecko) Chrome/17.0.963.56 Safari/535.11).
[Thu Mar  8 16:23:06 2012] [debug] Dispatching "Unicorn::Manager::Web::Admin->auth".
[Thu Mar  8 16:23:06 2012] [debug] 302 Found (0.002179s, 458.926/s).
[Thu Mar  8 16:24:03 2012] [debug] Your secret passphrase needs to be changed!!!
[Thu Mar  8 16:24:03 2012] [debug] GET /logout (Mozilla/5.0 (X11; Linux x86_64) AppleWebKit/535.11 (KHTML, like Gecko) Chrome/17.0.963.56 Safari/535.11).
[Thu Mar  8 16:24:03 2012] [debug] Dispatching "Unicorn::Manager::Web::Admin->leave".
[Thu Mar  8 16:24:03 2012] [debug] 200 OK (0.002441s, 409.668/s).
[Thu Mar  8 16:24:16 2012] [debug] GET /users/index (Mozilla/5.0 (X11; Linux x86_64) AppleWebKit/535.11 (KHTML, like Gecko) Chrome/17.0.963.56 Safari/535.11).
[Thu Mar  8 16:24:16 2012] [debug] Dispatching "Unicorn::Manager::Web::Users->index".
[Thu Mar  8 16:24:16 2012] [debug] 302 Found (0.001174s, 851.789/s).
[Thu Mar  8 16:24:16 2012] [debug] GET /login (Mozilla/5.0 (X11; Linux x86_64) AppleWebKit/535.11 (KHTML, like Gecko) Chrome/17.0.963.56 Safari/535.11).
[Thu Mar  8 16:24:16 2012] [debug] Dispatching "Unicorn::Manager::Web::Admin->login".
[Thu Mar  8 16:24:16 2012] [debug] Template "login.html.ep" not found.
[Thu Mar  8 16:24:16 2012] [debug] Rendering template "admin/login.html.ep".
[Thu Mar  8 16:24:16 2012] [debug] Rendering template "layouts/default.html.ep".
[Thu Mar  8 16:24:16 2012] [debug] 200 OK (0.009556s, 104.646/s).
[Thu Mar  8 16:24:24 2012] [debug] POST /auth (Mozilla/5.0 (X11; Linux x86_64) AppleWebKit/535.11 (KHTML, like Gecko) Chrome/17.0.963.56 Safari/535.11).
[Thu Mar  8 16:24:24 2012] [debug] Dispatching "Unicorn::Manager::Web::Admin->auth".
[Thu Mar  8 16:24:24 2012] [debug] 302 Found (0.002876s, 347.705/s).
[Thu Mar  8 16:24:24 2012] [debug] GET /welcome (Mozilla/5.0 (X11; Linux x86_64) AppleWebKit/535.11 (KHTML, like Gecko) Chrome/17.0.963.56 Safari/535.11).
[Thu Mar  8 16:24:24 2012] [debug] Dispatching "Unicorn::Manager::Web::Admin->welcome".
[Thu Mar  8 16:24:24 2012] [debug] Rendering template "admin/welcome.html.ep".
[Thu Mar  8 16:24:24 2012] [debug] Rendering template "layouts/default.html.ep".
[Thu Mar  8 16:24:24 2012] [debug] 200 OK (0.009399s, 106.394/s).
[Thu Mar  8 16:28:00 2012] [debug] Your secret passphrase needs to be changed!!!
[Thu Mar  8 16:28:00 2012] [debug] GET /logout (Mozilla/5.0 (X11; Linux x86_64) AppleWebKit/535.11 (KHTML, like Gecko) Chrome/17.0.963.56 Safari/535.11).
[Thu Mar  8 16:28:01 2012] [debug] Dispatching "Unicorn::Manager::Web::Admin->leave".
[Thu Mar  8 16:28:01 2012] [debug] 200 OK (0.002331s, 429.000/s).
[Thu Mar  8 16:28:11 2012] [debug] GET /users/index (Mozilla/5.0 (X11; Linux x86_64) AppleWebKit/535.11 (KHTML, like Gecko) Chrome/17.0.963.56 Safari/535.11).
[Thu Mar  8 16:28:11 2012] [debug] Dispatching "Unicorn::Manager::Web::Users->index".
[Thu Mar  8 16:28:11 2012] [debug] 302 Found (0.001179s, 848.176/s).
[Thu Mar  8 16:28:11 2012] [debug] GET /login (Mozilla/5.0 (X11; Linux x86_64) AppleWebKit/535.11 (KHTML, like Gecko) Chrome/17.0.963.56 Safari/535.11).
[Thu Mar  8 16:28:11 2012] [debug] Dispatching "Unicorn::Manager::Web::Admin->login".
[Thu Mar  8 16:28:11 2012] [debug] Template "login.html.ep" not found.
[Thu Mar  8 16:28:11 2012] [debug] Rendering template "admin/login.html.ep".
[Thu Mar  8 16:28:11 2012] [debug] Rendering template "layouts/default.html.ep".
[Thu Mar  8 16:28:11 2012] [debug] 200 OK (0.012330s, 81.103/s).
[Thu Mar  8 16:28:17 2012] [debug] POST /auth (Mozilla/5.0 (X11; Linux x86_64) AppleWebKit/535.11 (KHTML, like Gecko) Chrome/17.0.963.56 Safari/535.11).
[Thu Mar  8 16:28:17 2012] [debug] Dispatching "Unicorn::Manager::Web::Admin->auth".
[Thu Mar  8 16:28:17 2012] [debug] 302 Found (0.002739s, 365.097/s).
[Thu Mar  8 16:28:17 2012] [debug] GET /users/index (Mozilla/5.0 (X11; Linux x86_64) AppleWebKit/535.11 (KHTML, like Gecko) Chrome/17.0.963.56 Safari/535.11).
[Thu Mar  8 16:28:17 2012] [debug] Dispatching "Unicorn::Manager::Web::Users->index".
[Thu Mar  8 16:28:17 2012] [debug] Template "index.html.ep" not found.
[Thu Mar  8 16:28:17 2012] [debug] Rendering template "users/index.html.ep".
[Thu Mar  8 16:28:17 2012] [debug] Rendering template "layouts/default.html.ep".
[Thu Mar  8 16:28:17 2012] [debug] 200 OK (0.012431s, 80.444/s).
[Thu Mar  8 16:29:26 2012] [debug] Your secret passphrase needs to be changed!!!
[Thu Mar  8 16:29:26 2012] [debug] GET /logout (Mozilla/5.0 (X11; Linux x86_64) AppleWebKit/535.11 (KHTML, like Gecko) Chrome/17.0.963.56 Safari/535.11).
[Thu Mar  8 16:29:26 2012] [debug] Dispatching "Unicorn::Manager::Web::Admin->leave".
[Thu Mar  8 16:29:26 2012] [debug] 200 OK (0.002595s, 385.356/s).
[Thu Mar  8 16:29:31 2012] [debug] GET /users/index (Mozilla/5.0 (X11; Linux x86_64) AppleWebKit/535.11 (KHTML, like Gecko) Chrome/17.0.963.56 Safari/535.11).
[Thu Mar  8 16:29:31 2012] [debug] Dispatching "Unicorn::Manager::Web::Users->index".
[Thu Mar  8 16:29:31 2012] [debug] 302 Found (0.001585s, 630.915/s).
[Thu Mar  8 16:29:31 2012] [debug] GET /login (Mozilla/5.0 (X11; Linux x86_64) AppleWebKit/535.11 (KHTML, like Gecko) Chrome/17.0.963.56 Safari/535.11).
[Thu Mar  8 16:29:31 2012] [debug] Dispatching "Unicorn::Manager::Web::Admin->login".
[Thu Mar  8 16:29:31 2012] [debug] Template "login.html.ep" not found.
[Thu Mar  8 16:29:31 2012] [debug] Rendering template "admin/login.html.ep".
[Thu Mar  8 16:29:31 2012] [debug] Rendering template "layouts/default.html.ep".
[Thu Mar  8 16:29:31 2012] [debug] 200 OK (0.006801s, 147.037/s).
[Thu Mar  8 16:29:37 2012] [debug] POST /auth (Mozilla/5.0 (X11; Linux x86_64) AppleWebKit/535.11 (KHTML, like Gecko) Chrome/17.0.963.56 Safari/535.11).
[Thu Mar  8 16:29:37 2012] [debug] Dispatching "Unicorn::Manager::Web::Admin->auth".
[Thu Mar  8 16:29:37 2012] [debug] 302 Found (0.001237s, 808.407/s).
[Thu Mar  8 16:29:37 2012] [debug] GET /users/index (Mozilla/5.0 (X11; Linux x86_64) AppleWebKit/535.11 (KHTML, like Gecko) Chrome/17.0.963.56 Safari/535.11).
[Thu Mar  8 16:29:37 2012] [debug] Dispatching "Unicorn::Manager::Web::Users->index".
[Thu Mar  8 16:29:37 2012] [debug] Template "index.html.ep" not found.
[Thu Mar  8 16:29:37 2012] [debug] Rendering template "users/index.html.ep".
[Thu Mar  8 16:29:37 2012] [debug] Rendering template "layouts/default.html.ep".
[Thu Mar  8 16:29:37 2012] [debug] 200 OK (0.004737s, 211.104/s).
[Thu Mar  8 16:38:04 2012] [debug] Your secret passphrase needs to be changed!!!
[Thu Mar  8 16:38:04 2012] [debug] GET /users/index (Mozilla/5.0 (X11; Linux x86_64) AppleWebKit/535.11 (KHTML, like Gecko) Chrome/17.0.963.56 Safari/535.11).
[Thu Mar  8 16:38:04 2012] [debug] Dispatching "Unicorn::Manager::Web::Users->index".
[Thu Mar  8 16:38:04 2012] [debug] Template "index.html.ep" not found.
[Thu Mar  8 16:38:04 2012] [debug] Rendering template "users/index.html.ep".
[Thu Mar  8 16:38:04 2012] [debug] Rendering template "layouts/default.html.ep".
[Thu Mar  8 16:38:04 2012] [debug] 200 OK (0.006965s, 143.575/s).
[Thu Mar  8 16:38:08 2012] [debug] GET /users/list (Mozilla/5.0 (X11; Linux x86_64) AppleWebKit/535.11 (KHTML, like Gecko) Chrome/17.0.963.56 Safari/535.11).
[Thu Mar  8 16:38:08 2012] [debug] Dispatching "Unicorn::Manager::Web::Users->list".
[Thu Mar  8 16:38:08 2012] [debug] Template "list.html.ep" not found.
[Thu Mar  8 16:38:08 2012] [debug] Rendering template "users/list.html.ep".
[Thu Mar  8 16:38:08 2012] [error] Global symbol "$user" requires explicit package name at template "users/list.html.ep" line 4, near "<ul> <%= $user %> </ul>".
Global symbol "$user" requires explicit package name at template "users/list.html.ep" line 5, near "% }".
1: % layout 'default';
2: % title 'users';
3: <li>
4: % for $user (@$userlist){
5: <ul> <%= $user %> </ul>
6: % }
7: </li>

[Thu Mar  8 16:38:08 2012] [debug] Template "exception.development.html.ep" not found.
[Thu Mar  8 16:38:08 2012] [debug] Template "exception.html.ep" not found.
[Thu Mar  8 16:38:08 2012] [debug] Rendering inline template.
[Thu Mar  8 16:38:08 2012] [debug] Rendering inline template.
[Thu Mar  8 16:38:08 2012] [debug] 500 Internal Server Error (0.026131s, 38.269/s).
[Thu Mar  8 16:38:33 2012] [debug] Your secret passphrase needs to be changed!!!
[Thu Mar  8 16:38:33 2012] [debug] GET /users/list (Mozilla/5.0 (X11; Linux x86_64) AppleWebKit/535.11 (KHTML, like Gecko) Chrome/17.0.963.56 Safari/535.11).
[Thu Mar  8 16:38:33 2012] [debug] Dispatching "Unicorn::Manager::Web::Users->list".
[Thu Mar  8 16:38:33 2012] [debug] Template "list.html.ep" not found.
[Thu Mar  8 16:38:33 2012] [debug] Rendering template "users/list.html.ep".
[Thu Mar  8 16:38:33 2012] [debug] Rendering template "layouts/default.html.ep".
[Thu Mar  8 16:38:33 2012] [debug] 200 OK (0.011126s, 89.880/s).
[Thu Mar  8 16:39:25 2012] [debug] Your secret passphrase needs to be changed!!!
[Thu Mar  8 16:39:25 2012] [debug] GET /users/list (Mozilla/5.0 (X11; Linux x86_64) AppleWebKit/535.11 (KHTML, like Gecko) Chrome/17.0.963.56 Safari/535.11).
[Thu Mar  8 16:39:25 2012] [debug] Dispatching "Unicorn::Manager::Web::Users->list".
[Thu Mar  8 16:39:25 2012] [debug] Template "list.html.ep" not found.
[Thu Mar  8 16:39:25 2012] [debug] Rendering template "users/list.html.ep".
[Thu Mar  8 16:39:25 2012] [debug] Rendering template "layouts/default.html.ep".
[Thu Mar  8 16:39:25 2012] [debug] 200 OK (0.006957s, 143.740/s).
[Thu Mar  8 16:39:31 2012] [debug] GET /logout (Mozilla/5.0 (X11; Linux x86_64) AppleWebKit/535.11 (KHTML, like Gecko) Chrome/17.0.963.56 Safari/535.11).
[Thu Mar  8 16:39:31 2012] [debug] Dispatching "Unicorn::Manager::Web::Admin->leave".
[Thu Mar  8 16:39:31 2012] [debug] 200 OK (0.000899s, 1112.347/s).
[Thu Mar  8 16:39:37 2012] [debug] GET /users/index (Mozilla/5.0 (X11; Linux x86_64) AppleWebKit/535.11 (KHTML, like Gecko) Chrome/17.0.963.56 Safari/535.11).
[Thu Mar  8 16:39:37 2012] [debug] Template "not_found.development.html.ep" not found.
[Thu Mar  8 16:39:37 2012] [debug] Template "not_found.html.ep" not found.
[Thu Mar  8 16:39:37 2012] [debug] Rendering inline template.
[Thu Mar  8 16:39:37 2012] [debug] Rendering inline template.
[Thu Mar  8 16:39:37 2012] [debug] 404 Not Found (0.013091s, 76.388/s).
[Thu Mar  8 16:39:51 2012] [debug] GET /login (Mozilla/5.0 (X11; Linux x86_64) AppleWebKit/535.11 (KHTML, like Gecko) Chrome/17.0.963.56 Safari/535.11).
[Thu Mar  8 16:39:51 2012] [debug] Dispatching "Unicorn::Manager::Web::Admin->login".
[Thu Mar  8 16:39:51 2012] [debug] Template "login.html.ep" not found.
[Thu Mar  8 16:39:51 2012] [debug] Rendering template "admin/login.html.ep".
[Thu Mar  8 16:39:51 2012] [debug] Rendering template "layouts/default.html.ep".
[Thu Mar  8 16:39:51 2012] [debug] 200 OK (0.005229s, 191.241/s).
[Thu Mar  8 16:39:59 2012] [debug] POST /auth (Mozilla/5.0 (X11; Linux x86_64) AppleWebKit/535.11 (KHTML, like Gecko) Chrome/17.0.963.56 Safari/535.11).
[Thu Mar  8 16:39:59 2012] [debug] Dispatching "Unicorn::Manager::Web::Admin->auth".
[Thu Mar  8 16:39:59 2012] [debug] 302 Found (0.001082s, 924.214/s).
[Thu Mar  8 16:39:59 2012] [debug] GET /users/index (Mozilla/5.0 (X11; Linux x86_64) AppleWebKit/535.11 (KHTML, like Gecko) Chrome/17.0.963.56 Safari/535.11).
[Thu Mar  8 16:39:59 2012] [debug] Dispatching "Unicorn::Manager::Web::Users->index".
[Thu Mar  8 16:39:59 2012] [debug] Template "index.html.ep" not found.
[Thu Mar  8 16:39:59 2012] [debug] Rendering template "users/index.html.ep".
[Thu Mar  8 16:39:59 2012] [debug] Rendering template "layouts/default.html.ep".
[Thu Mar  8 16:39:59 2012] [debug] 200 OK (0.005331s, 187.582/s).
[Thu Mar  8 16:40:04 2012] [debug] GET /users/list (Mozilla/5.0 (X11; Linux x86_64) AppleWebKit/535.11 (KHTML, like Gecko) Chrome/17.0.963.56 Safari/535.11).
[Thu Mar  8 16:40:04 2012] [debug] Dispatching "Unicorn::Manager::Web::Users->list".
[Thu Mar  8 16:40:04 2012] [debug] Template "list.html.ep" not found.
[Thu Mar  8 16:40:04 2012] [debug] 200 OK (0.001322s, 756.430/s).
[Thu Mar  8 16:41:00 2012] [debug] Your secret passphrase needs to be changed!!!
[Thu Mar  8 16:41:00 2012] [debug] GET /users/list (Mozilla/5.0 (X11; Linux x86_64) AppleWebKit/535.11 (KHTML, like Gecko) Chrome/17.0.963.56 Safari/535.11).
[Thu Mar  8 16:41:00 2012] [debug] Dispatching "Unicorn::Manager::Web::Users->list".
[Thu Mar  8 16:41:00 2012] [debug] Template "list.html.ep" not found.
[Thu Mar  8 16:41:00 2012] [debug] Rendering template "users/list.html.ep".
[Thu Mar  8 16:41:00 2012] [debug] Rendering template "layouts/default.html.ep".
[Thu Mar  8 16:41:01 2012] [debug] 200 OK (0.007526s, 132.873/s).
[Thu Mar  8 16:41:30 2012] [debug] Your secret passphrase needs to be changed!!!
[Thu Mar  8 16:41:30 2012] [debug] GET /users/list (Mozilla/5.0 (X11; Linux x86_64) AppleWebKit/535.11 (KHTML, like Gecko) Chrome/17.0.963.56 Safari/535.11).
[Thu Mar  8 16:41:30 2012] [debug] Dispatching "Unicorn::Manager::Web::Users->list".
[Thu Mar  8 16:41:30 2012] [debug] Template "list.html.ep" not found.
[Thu Mar  8 16:41:30 2012] [debug] Rendering template "users/list.html.ep".
[Thu Mar  8 16:41:30 2012] [debug] Rendering template "layouts/default.html.ep".
[Thu Mar  8 16:41:30 2012] [debug] 200 OK (0.011772s, 84.947/s).
[Thu Mar  8 16:49:47 2012] [debug] Your secret passphrase needs to be changed!!!
[Thu Mar  8 16:49:47 2012] [debug] GET /users/list (Mozilla/5.0 (X11; Linux x86_64) AppleWebKit/535.11 (KHTML, like Gecko) Chrome/17.0.963.56 Safari/535.11).
[Thu Mar  8 16:49:47 2012] [debug] Dispatching "Unicorn::Manager::Web::Users->list".
[Thu Mar  8 16:49:47 2012] [debug] Template "list.html.ep" not found.
[Thu Mar  8 16:49:47 2012] [debug] Rendering template "users/list.html.ep".
[Thu Mar  8 16:49:47 2012] [debug] Rendering template "layouts/default.html.ep".
[Thu Mar  8 16:49:47 2012] [debug] 200 OK (0.008881s, 112.600/s).
[Thu Mar  8 16:50:38 2012] [debug] Your secret passphrase needs to be changed!!!
[Thu Mar  8 16:50:38 2012] [debug] GET /users/list (Mozilla/5.0 (X11; Linux x86_64) AppleWebKit/535.11 (KHTML, like Gecko) Chrome/17.0.963.56 Safari/535.11).
[Thu Mar  8 16:50:38 2012] [debug] Dispatching "Unicorn::Manager::Web::Users->list".
[Thu Mar  8 16:50:38 2012] [debug] Template "list.html.ep" not found.
[Thu Mar  8 16:50:38 2012] [debug] Rendering template "users/list.html.ep".
[Thu Mar  8 16:50:38 2012] [debug] Rendering template "layouts/default.html.ep".
[Thu Mar  8 16:50:38 2012] [debug] 200 OK (0.009237s, 108.260/s).
[Thu Mar  8 16:53:02 2012] [debug] Your secret passphrase needs to be changed!!!
[Thu Mar  8 16:53:02 2012] [debug] GET /users/list (Mozilla/5.0 (X11; Linux x86_64) AppleWebKit/535.11 (KHTML, like Gecko) Chrome/17.0.963.56 Safari/535.11).
[Thu Mar  8 16:53:02 2012] [debug] Dispatching "Unicorn::Manager::Web::Users->list".
[Thu Mar  8 16:53:02 2012] [debug] Template "list.html.ep" not found.
[Thu Mar  8 16:53:02 2012] [debug] Rendering template "users/list.html.ep".
[Thu Mar  8 16:53:02 2012] [debug] Rendering template "layouts/default.html.ep".
[Thu Mar  8 16:53:02 2012] [debug] 200 OK (0.008091s, 123.594/s).
[Thu Mar  8 16:53:29 2012] [debug] Your secret passphrase needs to be changed!!!
[Thu Mar  8 16:53:29 2012] [debug] GET /users/list (Mozilla/5.0 (X11; Linux x86_64) AppleWebKit/535.11 (KHTML, like Gecko) Chrome/17.0.963.56 Safari/535.11).
[Thu Mar  8 16:53:29 2012] [debug] Dispatching "Unicorn::Manager::Web::Users->list".
[Thu Mar  8 16:53:29 2012] [debug] Template "list.html.ep" not found.
[Thu Mar  8 16:53:29 2012] [debug] Rendering template "users/list.html.ep".
[Thu Mar  8 16:53:29 2012] [debug] Rendering template "layouts/default.html.ep".
[Thu Mar  8 16:53:29 2012] [debug] 200 OK (0.012081s, 82.775/s).
[Thu Mar  8 16:53:46 2012] [debug] Your secret passphrase needs to be changed!!!
[Thu Mar  8 16:53:46 2012] [debug] GET /users/list (Mozilla/5.0 (X11; Linux x86_64) AppleWebKit/535.11 (KHTML, like Gecko) Chrome/17.0.963.56 Safari/535.11).
[Thu Mar  8 16:53:46 2012] [debug] Dispatching "Unicorn::Manager::Web::Users->list".
[Thu Mar  8 16:53:46 2012] [debug] Template "list.html.ep" not found.
[Thu Mar  8 16:53:46 2012] [debug] Rendering template "users/list.html.ep".
[Thu Mar  8 16:53:46 2012] [debug] Rendering template "layouts/default.html.ep".
[Thu Mar  8 16:53:46 2012] [debug] 200 OK (0.012449s, 80.328/s).
[Thu Mar  8 16:54:15 2012] [debug] Your secret passphrase needs to be changed!!!
[Thu Mar  8 16:54:15 2012] [debug] GET /users/list (Mozilla/5.0 (X11; Linux x86_64) AppleWebKit/535.11 (KHTML, like Gecko) Chrome/17.0.963.56 Safari/535.11).
[Thu Mar  8 16:54:15 2012] [debug] Dispatching "Unicorn::Manager::Web::Users->list".
[Thu Mar  8 16:54:15 2012] [debug] Template "list.html.ep" not found.
[Thu Mar  8 16:54:15 2012] [debug] Rendering template "users/list.html.ep".
[Thu Mar  8 16:54:15 2012] [debug] Rendering template "layouts/default.html.ep".
[Thu Mar  8 16:54:15 2012] [debug] 200 OK (0.018219s, 54.888/s).
[Thu Mar  8 16:55:52 2012] [debug] Your secret passphrase needs to be changed!!!
[Thu Mar  8 16:55:52 2012] [debug] GET /users/index (Mozilla/5.0 (X11; Linux x86_64) AppleWebKit/535.11 (KHTML, like Gecko) Chrome/17.0.963.56 Safari/535.11).
[Thu Mar  8 16:55:52 2012] [debug] Dispatching "Unicorn::Manager::Web::Users->index".
[Thu Mar  8 16:55:52 2012] [debug] 302 Found (0.004205s, 237.812/s).
[Thu Mar  8 16:55:52 2012] [debug] GET /list (Mozilla/5.0 (X11; Linux x86_64) AppleWebKit/535.11 (KHTML, like Gecko) Chrome/17.0.963.56 Safari/535.11).
[Thu Mar  8 16:55:52 2012] [debug] Template "not_found.development.html.ep" not found.
[Thu Mar  8 16:55:52 2012] [debug] Template "not_found.html.ep" not found.
[Thu Mar  8 16:55:52 2012] [debug] Rendering inline template.
[Thu Mar  8 16:55:52 2012] [debug] Rendering inline template.
[Thu Mar  8 16:55:52 2012] [debug] 404 Not Found (0.025272s, 39.569/s).
[Thu Mar  8 16:56:13 2012] [debug] Your secret passphrase needs to be changed!!!
[Thu Mar  8 16:56:13 2012] [debug] GET /list (Mozilla/5.0 (X11; Linux x86_64) AppleWebKit/535.11 (KHTML, like Gecko) Chrome/17.0.963.56 Safari/535.11).
[Thu Mar  8 16:56:13 2012] [debug] Template "not_found.development.html.ep" not found.
[Thu Mar  8 16:56:13 2012] [debug] Template "not_found.html.ep" not found.
[Thu Mar  8 16:56:13 2012] [debug] Rendering inline template.
[Thu Mar  8 16:56:13 2012] [debug] Rendering inline template.
[Thu Mar  8 16:56:13 2012] [debug] 404 Not Found (0.019180s, 52.138/s).
[Thu Mar  8 16:56:25 2012] [debug] Your secret passphrase needs to be changed!!!
[Thu Mar  8 16:56:25 2012] [debug] GET /users (Mozilla/5.0 (X11; Linux x86_64) AppleWebKit/535.11 (KHTML, like Gecko) Chrome/17.0.963.56 Safari/535.11).
[Thu Mar  8 16:56:25 2012] [debug] Template "not_found.development.html.ep" not found.
[Thu Mar  8 16:56:25 2012] [debug] Template "not_found.html.ep" not found.
[Thu Mar  8 16:56:25 2012] [debug] Rendering inline template.
[Thu Mar  8 16:56:25 2012] [debug] Rendering inline template.
[Thu Mar  8 16:56:25 2012] [debug] 404 Not Found (0.023198s, 43.107/s).
[Thu Mar  8 16:56:35 2012] [debug] GET /users/index (Mozilla/5.0 (X11; Linux x86_64) AppleWebKit/535.11 (KHTML, like Gecko) Chrome/17.0.963.56 Safari/535.11).
[Thu Mar  8 16:56:35 2012] [debug] Dispatching "Unicorn::Manager::Web::Users->index".
[Thu Mar  8 16:56:35 2012] [debug] 302 Found (0.002859s, 349.773/s).
[Thu Mar  8 16:56:35 2012] [debug] GET /users/list (Mozilla/5.0 (X11; Linux x86_64) AppleWebKit/535.11 (KHTML, like Gecko) Chrome/17.0.963.56 Safari/535.11).
[Thu Mar  8 16:56:35 2012] [debug] Dispatching "Unicorn::Manager::Web::Users->list".
[Thu Mar  8 16:56:35 2012] [debug] Template "list.html.ep" not found.
[Thu Mar  8 16:56:35 2012] [debug] Rendering template "users/list.html.ep".
[Thu Mar  8 16:56:35 2012] [debug] Rendering template "layouts/default.html.ep".
[Thu Mar  8 16:56:35 2012] [debug] 200 OK (0.010118s, 98.834/s).
[Thu Mar  8 16:57:13 2012] [debug] Your secret passphrase needs to be changed!!!
[Thu Mar  8 16:57:13 2012] [debug] GET /users/index (Mozilla/5.0 (X11; Linux x86_64) AppleWebKit/535.11 (KHTML, like Gecko) Chrome/17.0.963.56 Safari/535.11).
[Thu Mar  8 16:57:13 2012] [debug] Dispatching "Unicorn::Manager::Web::Users->index".
[Thu Mar  8 16:57:13 2012] [debug] 302 Found (0.004561s, 219.250/s).
[Thu Mar  8 16:57:13 2012] [debug] GET /users/list (Mozilla/5.0 (X11; Linux x86_64) AppleWebKit/535.11 (KHTML, like Gecko) Chrome/17.0.963.56 Safari/535.11).
[Thu Mar  8 16:57:13 2012] [debug] Dispatching "Unicorn::Manager::Web::Users->list".
[Thu Mar  8 16:57:13 2012] [debug] Template "list.html.ep" not found.
[Thu Mar  8 16:57:13 2012] [debug] Rendering template "users/list.html.ep".
[Thu Mar  8 16:57:13 2012] [debug] Rendering template "layouts/default.html.ep".
[Thu Mar  8 16:57:13 2012] [debug] 200 OK (0.005837s, 171.321/s).
[Thu Mar  8 17:02:49 2012] [debug] Your secret passphrase needs to be changed!!!
[Thu Mar  8 17:02:49 2012] [debug] GET /users/list (Mozilla/5.0 (X11; Linux x86_64) AppleWebKit/535.11 (KHTML, like Gecko) Chrome/17.0.963.56 Safari/535.11).
[Thu Mar  8 17:02:49 2012] [debug] Template "not_found.development.html.ep" not found.
[Thu Mar  8 17:02:49 2012] [debug] Template "not_found.html.ep" not found.
[Thu Mar  8 17:02:49 2012] [debug] Rendering inline template.
[Thu Mar  8 17:02:49 2012] [debug] Rendering inline template.
[Thu Mar  8 17:02:49 2012] [debug] 404 Not Found (0.016721s, 59.805/s).
[Thu Mar  8 17:02:59 2012] [debug] GET /login (Mozilla/5.0 (X11; Linux x86_64) AppleWebKit/535.11 (KHTML, like Gecko) Chrome/17.0.963.56 Safari/535.11).
[Thu Mar  8 17:02:59 2012] [debug] Dispatching "Unicorn::Manager::Web::Admin->login".
[Thu Mar  8 17:02:59 2012] [debug] Template "login.html.ep" not found.
[Thu Mar  8 17:02:59 2012] [debug] Rendering template "admin/login.html.ep".
[Thu Mar  8 17:02:59 2012] [debug] Rendering template "layouts/default.html.ep".
[Thu Mar  8 17:02:59 2012] [debug] 200 OK (0.008683s, 115.168/s).
[Thu Mar  8 17:03:05 2012] [debug] POST /auth (Mozilla/5.0 (X11; Linux x86_64) AppleWebKit/535.11 (KHTML, like Gecko) Chrome/17.0.963.56 Safari/535.11).
[Thu Mar  8 17:03:05 2012] [debug] Dispatching "Unicorn::Manager::Web::Admin->auth".
[Thu Mar  8 17:03:05 2012] [debug] 302 Found (0.003002s, 333.111/s).
[Thu Mar  8 17:03:05 2012] [debug] GET /users/index (Mozilla/5.0 (X11; Linux x86_64) AppleWebKit/535.11 (KHTML, like Gecko) Chrome/17.0.963.56 Safari/535.11).
[Thu Mar  8 17:03:05 2012] [debug] Dispatching "Unicorn::Manager::Web::Users->index".
[Thu Mar  8 17:03:05 2012] [debug] 302 Found (0.001505s, 664.452/s).
[Thu Mar  8 17:03:05 2012] [debug] GET /users/list (Mozilla/5.0 (X11; Linux x86_64) AppleWebKit/535.11 (KHTML, like Gecko) Chrome/17.0.963.56 Safari/535.11).
[Thu Mar  8 17:03:05 2012] [debug] Dispatching "Unicorn::Manager::Web::Users->list".
[Thu Mar  8 17:03:05 2012] [debug] Template "list.html.ep" not found.
[Thu Mar  8 17:03:05 2012] [debug] Rendering template "users/list.html.ep".
[Thu Mar  8 17:03:05 2012] [debug] Rendering template "layouts/default.html.ep".
[Thu Mar  8 17:03:05 2012] [debug] 200 OK (0.014223s, 70.309/s).
[Thu Mar  8 17:03:26 2012] [debug] Your secret passphrase needs to be changed!!!
[Thu Mar  8 17:03:26 2012] [debug] GET /users/list (Mozilla/5.0 (X11; Linux x86_64) AppleWebKit/535.11 (KHTML, like Gecko) Chrome/17.0.963.56 Safari/535.11).
[Thu Mar  8 17:03:26 2012] [debug] Template "not_found.development.html.ep" not found.
[Thu Mar  8 17:03:26 2012] [debug] Template "not_found.html.ep" not found.
[Thu Mar  8 17:03:26 2012] [debug] Rendering inline template.
[Thu Mar  8 17:03:26 2012] [debug] Rendering inline template.
[Thu Mar  8 17:03:26 2012] [debug] 404 Not Found (0.023832s, 41.960/s).
[Thu Mar  8 17:03:33 2012] [debug] GET /logout (Mozilla/5.0 (X11; Linux x86_64) AppleWebKit/535.11 (KHTML, like Gecko) Chrome/17.0.963.56 Safari/535.11).
[Thu Mar  8 17:03:33 2012] [debug] Dispatching "Unicorn::Manager::Web::Admin->leave".
[Thu Mar  8 17:03:33 2012] [debug] 200 OK (0.001727s, 579.039/s).
[Thu Mar  8 17:06:08 2012] [debug] GET /login (Mozilla/5.0 (X11; Linux x86_64) AppleWebKit/535.11 (KHTML, like Gecko) Chrome/17.0.963.56 Safari/535.11).
[Thu Mar  8 17:06:08 2012] [debug] Dispatching "Unicorn::Manager::Web::Admin->login".
[Thu Mar  8 17:06:08 2012] [debug] Template "login.html.ep" not found.
[Thu Mar  8 17:06:08 2012] [debug] Rendering template "admin/login.html.ep".
[Thu Mar  8 17:06:08 2012] [debug] Rendering template "layouts/default.html.ep".
[Thu Mar  8 17:06:08 2012] [debug] 200 OK (0.006472s, 154.512/s).
[Thu Mar  8 17:06:16 2012] [debug] POST /auth (Mozilla/5.0 (X11; Linux x86_64) AppleWebKit/535.11 (KHTML, like Gecko) Chrome/17.0.963.56 Safari/535.11).
[Thu Mar  8 17:06:16 2012] [debug] Dispatching "Unicorn::Manager::Web::Admin->auth".
[Thu Mar  8 17:06:16 2012] [debug] 302 Found (0.002722s, 367.377/s).
[Thu Mar  8 17:06:16 2012] [debug] GET /welcome (Mozilla/5.0 (X11; Linux x86_64) AppleWebKit/535.11 (KHTML, like Gecko) Chrome/17.0.963.56 Safari/535.11).
[Thu Mar  8 17:06:16 2012] [debug] Dispatching "Unicorn::Manager::Web::Admin->welcome".
[Thu Mar  8 17:06:16 2012] [debug] Rendering template "admin/welcome.html.ep".
[Thu Mar  8 17:06:16 2012] [debug] Rendering template "layouts/default.html.ep".
[Thu Mar  8 17:06:16 2012] [debug] 200 OK (0.011903s, 84.012/s).
[Thu Mar  8 17:06:24 2012] [debug] GET /users/list (Mozilla/5.0 (X11; Linux x86_64) AppleWebKit/535.11 (KHTML, like Gecko) Chrome/17.0.963.56 Safari/535.11).
[Thu Mar  8 17:06:24 2012] [debug] Dispatching "Unicorn::Manager::Web::Users->list".
[Thu Mar  8 17:06:24 2012] [debug] Template "list.html.ep" not found.
[Thu Mar  8 17:06:24 2012] [debug] Rendering template "users/list.html.ep".
[Thu Mar  8 17:06:24 2012] [debug] Rendering template "layouts/default.html.ep".
[Thu Mar  8 17:06:24 2012] [debug] 200 OK (0.008394s, 119.133/s).
[Thu Mar  8 17:19:47 2012] [debug] Your secret passphrase needs to be changed!!!
[Thu Mar  8 17:19:47 2012] [debug] GET /logout (Mozilla/5.0 (X11; Linux x86_64) AppleWebKit/535.11 (KHTML, like Gecko) Chrome/17.0.963.56 Safari/535.11).
[Thu Mar  8 17:19:47 2012] [debug] Dispatching "Unicorn::Manager::Web::Admin->leave".
[Thu Mar  8 17:19:47 2012] [debug] 200 OK (0.001650s, 606.061/s).
[Thu Mar  8 17:19:54 2012] [debug] GET /login (Mozilla/5.0 (X11; Linux x86_64) AppleWebKit/535.11 (KHTML, like Gecko) Chrome/17.0.963.56 Safari/535.11).
[Thu Mar  8 17:19:54 2012] [debug] Dispatching "Unicorn::Manager::Web::Admin->login".
[Thu Mar  8 17:19:54 2012] [debug] Template "login.html.ep" not found.
[Thu Mar  8 17:19:54 2012] [debug] Rendering template "admin/login.html.ep".
[Thu Mar  8 17:19:54 2012] [debug] Rendering template "layouts/default.html.ep".
[Thu Mar  8 17:19:54 2012] [debug] 200 OK (0.008553s, 116.918/s).
[Thu Mar  8 17:20:00 2012] [debug] POST /auth (Mozilla/5.0 (X11; Linux x86_64) AppleWebKit/535.11 (KHTML, like Gecko) Chrome/17.0.963.56 Safari/535.11).
[Thu Mar  8 17:20:00 2012] [debug] Dispatching "Unicorn::Manager::Web::Admin->auth".
[Thu Mar  8 17:20:00 2012] [debug] 302 Found (0.002742s, 364.697/s).
[Thu Mar  8 17:20:01 2012] [debug] GET /welcome (Mozilla/5.0 (X11; Linux x86_64) AppleWebKit/535.11 (KHTML, like Gecko) Chrome/17.0.963.56 Safari/535.11).
[Thu Mar  8 17:20:01 2012] [debug] Dispatching "Unicorn::Manager::Web::Admin->welcome".
[Thu Mar  8 17:20:01 2012] [debug] Rendering template "admin/welcome.html.ep".
[Thu Mar  8 17:20:01 2012] [debug] Rendering template "layouts/default.html.ep".
[Thu Mar  8 17:20:01 2012] [debug] 200 OK (0.014463s, 69.142/s).
[Thu Mar  8 17:20:07 2012] [debug] GET /users/index (Mozilla/5.0 (X11; Linux x86_64) AppleWebKit/535.11 (KHTML, like Gecko) Chrome/17.0.963.56 Safari/535.11).
[Thu Mar  8 17:20:07 2012] [debug] Dispatching "Unicorn::Manager::Web::Users->index".
[Thu Mar  8 17:20:07 2012] [debug] 302 Found (0.001703s, 587.199/s).
[Thu Mar  8 17:20:07 2012] [debug] GET /users/list (Mozilla/5.0 (X11; Linux x86_64) AppleWebKit/535.11 (KHTML, like Gecko) Chrome/17.0.963.56 Safari/535.11).
[Thu Mar  8 17:20:07 2012] [debug] Dispatching "Unicorn::Manager::Web::Users->list".
[Thu Mar  8 17:20:07 2012] [debug] Template "list.html.ep" not found.
[Thu Mar  8 17:20:07 2012] [debug] Rendering template "users/list.html.ep".
[Thu Mar  8 17:20:07 2012] [debug] Rendering template "layouts/default.html.ep".
[Thu Mar  8 17:20:07 2012] [debug] 200 OK (0.005689s, 175.778/s).
[Thu Mar  8 17:31:01 2012] [debug] Your secret passphrase needs to be changed!!!
[Thu Mar  8 17:31:01 2012] [debug] GET /users/add (Mozilla/5.0 (X11; Linux x86_64) AppleWebKit/535.11 (KHTML, like Gecko) Chrome/17.0.963.56 Safari/535.11).
[Thu Mar  8 17:31:01 2012] [debug] Dispatching "Unicorn::Manager::Web::Users->add".
[Thu Mar  8 17:31:01 2012] [error] Can't locate object method "user_config" via package "Unicorn::Manager::Web::Users" at /home/mak/perl5/lib/perl5/Mojolicious/Routes.pm line 373

[Thu Mar  8 17:31:01 2012] [debug] Template "exception.development.html.ep" not found.
[Thu Mar  8 17:31:01 2012] [debug] Template "exception.html.ep" not found.
[Thu Mar  8 17:31:01 2012] [debug] Rendering inline template.
[Thu Mar  8 17:31:01 2012] [debug] Rendering inline template.
[Thu Mar  8 17:31:01 2012] [debug] 500 Internal Server Error (0.022145s, 45.157/s).
[Thu Mar  8 17:31:01 2012] [error] Can't locate object method "user_config" via package "Unicorn::Manager::Web::Users" at /home/mak/perl5/lib/perl5/Mojolicious/Routes.pm line 373

[Thu Mar  8 17:34:57 2012] [debug] Your secret passphrase needs to be changed!!!
[Thu Mar  8 17:34:57 2012] [debug] GET /users/add (Mozilla/5.0 (X11; Linux x86_64) AppleWebKit/535.11 (KHTML, like Gecko) Chrome/17.0.963.56 Safari/535.11).
[Thu Mar  8 17:34:57 2012] [debug] Dispatching "Unicorn::Manager::Web::Users->add".
[Thu Mar  8 17:34:57 2012] [debug] Template "add.html.ep" not found.
[Thu Mar  8 17:34:57 2012] [debug] Rendering template "users/add.html.ep".
[Thu Mar  8 17:34:57 2012] [debug] Rendering template "layouts/default.html.ep".
[Thu Mar  8 17:34:57 2012] [debug] 200 OK (0.009960s, 100.402/s).
[Thu Mar  8 17:36:47 2012] [debug] Your secret passphrase needs to be changed!!!
[Thu Mar  8 17:36:47 2012] [debug] GET /users/add (Mozilla/5.0 (X11; Linux x86_64) AppleWebKit/535.11 (KHTML, like Gecko) Chrome/17.0.963.56 Safari/535.11).
[Thu Mar  8 17:36:47 2012] [debug] Dispatching "Unicorn::Manager::Web::Users->add".
[Thu Mar  8 17:36:47 2012] [debug] Template "add.html.ep" not found.
[Thu Mar  8 17:36:47 2012] [debug] Rendering template "users/add.html.ep".
[Thu Mar  8 17:36:47 2012] [debug] Rendering template "layouts/default.html.ep".
[Thu Mar  8 17:36:47 2012] [debug] 200 OK (0.011727s, 85.273/s).
[Thu Mar  8 17:37:00 2012] [debug] Your secret passphrase needs to be changed!!!
[Thu Mar  8 17:37:00 2012] [debug] GET /users/add (Mozilla/5.0 (X11; Linux x86_64) AppleWebKit/535.11 (KHTML, like Gecko) Chrome/17.0.963.56 Safari/535.11).
[Thu Mar  8 17:37:00 2012] [debug] Dispatching "Unicorn::Manager::Web::Users->add".
[Thu Mar  8 17:37:00 2012] [debug] Template "add.html.ep" not found.
[Thu Mar  8 17:37:00 2012] [debug] Rendering template "users/add.html.ep".
[Thu Mar  8 17:37:00 2012] [debug] Rendering template "layouts/default.html.ep".
[Thu Mar  8 17:37:00 2012] [debug] 200 OK (0.018675s, 53.548/s).
[Thu Mar  8 17:41:15 2012] [debug] Your secret passphrase needs to be changed!!!
[Thu Mar  8 17:41:15 2012] [debug] POST /users/create (Mozilla/5.0 (X11; Linux x86_64) AppleWebKit/535.11 (KHTML, like Gecko) Chrome/17.0.963.56 Safari/535.11).
[Thu Mar  8 17:41:15 2012] [debug] Dispatching "Unicorn::Manager::Web::Users->create".
[Thu Mar  8 17:41:15 2012] [error] Can't locate object method "params" via package "Unicorn::Manager::Web::Users" at /home/mak/perl5/lib/perl5/Mojolicious/Routes.pm line 373

[Thu Mar  8 17:41:15 2012] [debug] Template "exception.development.html.ep" not found.
[Thu Mar  8 17:41:15 2012] [debug] Template "exception.html.ep" not found.
[Thu Mar  8 17:41:15 2012] [debug] Rendering inline template.
[Thu Mar  8 17:41:15 2012] [debug] Rendering inline template.
[Thu Mar  8 17:41:15 2012] [debug] 500 Internal Server Error (0.030040s, 33.289/s).
[Thu Mar  8 17:41:15 2012] [error] Can't locate object method "params" via package "Unicorn::Manager::Web::Users" at /home/mak/perl5/lib/perl5/Mojolicious/Routes.pm line 373

[Thu Mar  8 17:41:57 2012] [debug] Your secret passphrase needs to be changed!!!
[Thu Mar  8 17:41:57 2012] [debug] POST /users/create (Mozilla/5.0 (X11; Linux x86_64) AppleWebKit/535.11 (KHTML, like Gecko) Chrome/17.0.963.56 Safari/535.11).
[Thu Mar  8 17:41:57 2012] [debug] Dispatching "Unicorn::Manager::Web::Users->create".
[Thu Mar  8 17:41:57 2012] [debug] Template "add.html.ep" not found.
[Thu Mar  8 17:41:57 2012] [debug] Rendering template "users/create.html.ep".
[Thu Mar  8 17:41:57 2012] [debug] Rendering template "layouts/default.html.ep".
[Thu Mar  8 17:41:57 2012] [debug] 200 OK (0.011378s, 87.889/s).
[Thu Mar  8 17:42:02 2012] [debug] POST /users/create (Mozilla/5.0 (X11; Linux x86_64) AppleWebKit/535.11 (KHTML, like Gecko) Chrome/17.0.963.56 Safari/535.11).
[Thu Mar  8 17:42:02 2012] [debug] Dispatching "Unicorn::Manager::Web::Users->create".
[Thu Mar  8 17:42:02 2012] [debug] Template "add.html.ep" not found.
[Thu Mar  8 17:42:02 2012] [debug] 200 OK (0.004133s, 241.955/s).
[Thu Mar  8 17:42:06 2012] [debug] POST /users/create (Mozilla/5.0 (X11; Linux x86_64) AppleWebKit/535.11 (KHTML, like Gecko) Chrome/17.0.963.56 Safari/535.11).
[Thu Mar  8 17:42:06 2012] [debug] Dispatching "Unicorn::Manager::Web::Users->create".
[Thu Mar  8 17:42:06 2012] [debug] Template "add.html.ep" not found.
[Thu Mar  8 17:42:06 2012] [debug] 200 OK (0.002037s, 490.918/s).
[Thu Mar  8 17:42:27 2012] [debug] Your secret passphrase needs to be changed!!!
[Thu Mar  8 17:42:27 2012] [debug] POST /users/create (Mozilla/5.0 (X11; Linux x86_64) AppleWebKit/535.11 (KHTML, like Gecko) Chrome/17.0.963.56 Safari/535.11).
[Thu Mar  8 17:42:27 2012] [debug] Dispatching "Unicorn::Manager::Web::Users->create".
[Thu Mar  8 17:42:27 2012] [debug] Template "add.html.ep" not found.
[Thu Mar  8 17:42:27 2012] [debug] Rendering template "users/create.html.ep".
[Thu Mar  8 17:42:27 2012] [debug] Rendering template "layouts/default.html.ep".
[Thu Mar  8 17:42:27 2012] [debug] 200 OK (0.006548s, 152.718/s).
[Thu Mar  8 17:42:34 2012] [debug] POST /users/create (Mozilla/5.0 (X11; Linux x86_64) AppleWebKit/535.11 (KHTML, like Gecko) Chrome/17.0.963.56 Safari/535.11).
[Thu Mar  8 17:42:34 2012] [debug] Dispatching "Unicorn::Manager::Web::Users->create".
[Thu Mar  8 17:42:34 2012] [debug] Template "add.html.ep" not found.
[Thu Mar  8 17:42:34 2012] [debug] 200 OK (0.004095s, 244.200/s).
[Thu Mar  8 17:45:47 2012] [debug] Your secret passphrase needs to be changed!!!
[Thu Mar  8 17:45:47 2012] [debug] POST /users/create (Mozilla/5.0 (X11; Linux x86_64) AppleWebKit/535.11 (KHTML, like Gecko) Chrome/17.0.963.56 Safari/535.11).
[Thu Mar  8 17:45:47 2012] [debug] Dispatching "Unicorn::Manager::Web::Users->create".
[Thu Mar  8 17:45:47 2012] [debug] Template "create.html.ep" not found.
[Thu Mar  8 17:45:47 2012] [debug] Rendering template "users/create.html.ep".
[Thu Mar  8 17:45:47 2012] [debug] Rendering template "layouts/default.html.ep".
[Thu Mar  8 17:45:47 2012] [debug] 200 OK (0.011465s, 87.222/s).
[Thu Mar  8 17:45:57 2012] [debug] POST /users/create (Mozilla/5.0 (X11; Linux x86_64) AppleWebKit/535.11 (KHTML, like Gecko) Chrome/17.0.963.56 Safari/535.11).
[Thu Mar  8 17:45:57 2012] [debug] Dispatching "Unicorn::Manager::Web::Users->create".
[Thu Mar  8 17:45:57 2012] [debug] Template "create.html.ep" not found.
[Thu Mar  8 17:45:57 2012] [debug] 200 OK (0.004637s, 215.657/s).
[Thu Mar  8 17:49:13 2012] [debug] Your secret passphrase needs to be changed!!!
[Thu Mar  8 17:49:13 2012] [debug] GET /users/add (Mozilla/5.0 (X11; Linux x86_64) AppleWebKit/535.11 (KHTML, like Gecko) Chrome/17.0.963.56 Safari/535.11).
[Thu Mar  8 17:49:13 2012] [debug] Dispatching "Unicorn::Manager::Web::Users->add".
[Thu Mar  8 17:49:13 2012] [debug] Template "add.html.ep" not found.
[Thu Mar  8 17:49:13 2012] [debug] Rendering template "users/add.html.ep".
[Thu Mar  8 17:49:13 2012] [debug] Rendering template "layouts/default.html.ep".
[Thu Mar  8 17:49:13 2012] [debug] 200 OK (0.014323s, 69.818/s).
[Thu Mar  8 17:49:16 2012] [debug] POST /users/create (Mozilla/5.0 (X11; Linux x86_64) AppleWebKit/535.11 (KHTML, like Gecko) Chrome/17.0.963.56 Safari/535.11).
[Thu Mar  8 17:49:16 2012] [debug] Dispatching "Unicorn::Manager::Web::Users->create".
[Thu Mar  8 17:49:16 2012] [debug] 302 Found (0.002994s, 334.001/s).
[Thu Mar  8 17:49:16 2012] [debug] Template "create.html.ep" not found.
[Thu Mar  8 17:49:16 2012] [debug] GET /add (Mozilla/5.0 (X11; Linux x86_64) AppleWebKit/535.11 (KHTML, like Gecko) Chrome/17.0.963.56 Safari/535.11).
[Thu Mar  8 17:49:16 2012] [debug] Template "not_found.development.html.ep" not found.
[Thu Mar  8 17:49:16 2012] [debug] Template "not_found.html.ep" not found.
[Thu Mar  8 17:49:16 2012] [debug] Rendering inline template.
[Thu Mar  8 17:49:16 2012] [debug] Rendering inline template.
[Thu Mar  8 17:49:16 2012] [debug] 404 Not Found (0.025007s, 39.989/s).
[Thu Mar  8 17:49:40 2012] [debug] Your secret passphrase needs to be changed!!!
[Thu Mar  8 17:49:40 2012] [debug] POST /users/create (Mozilla/5.0 (X11; Linux x86_64) AppleWebKit/535.11 (KHTML, like Gecko) Chrome/17.0.963.56 Safari/535.11).
[Thu Mar  8 17:49:40 2012] [debug] Dispatching "Unicorn::Manager::Web::Users->create".
[Thu Mar  8 17:49:40 2012] [debug] 302 Found (0.004524s, 221.043/s).
[Thu Mar  8 17:49:40 2012] [debug] Template "create.html.ep" not found.
[Thu Mar  8 17:49:40 2012] [debug] GET /users/add (Mozilla/5.0 (X11; Linux x86_64) AppleWebKit/535.11 (KHTML, like Gecko) Chrome/17.0.963.56 Safari/535.11).
[Thu Mar  8 17:49:40 2012] [debug] Dispatching "Unicorn::Manager::Web::Users->add".
[Thu Mar  8 17:49:40 2012] [debug] Template "add.html.ep" not found.
[Thu Mar  8 17:49:40 2012] [debug] Rendering template "users/add.html.ep".
[Thu Mar  8 17:49:40 2012] [debug] Rendering template "layouts/default.html.ep".
[Thu Mar  8 17:49:40 2012] [debug] 200 OK (0.010325s, 96.852/s).
[Thu Mar  8 17:50:05 2012] [debug] Your secret passphrase needs to be changed!!!
[Thu Mar  8 17:50:05 2012] [debug] GET /users/add (Mozilla/5.0 (X11; Linux x86_64) AppleWebKit/535.11 (KHTML, like Gecko) Chrome/17.0.963.56 Safari/535.11).
[Thu Mar  8 17:50:05 2012] [debug] Dispatching "Unicorn::Manager::Web::Users->add".
[Thu Mar  8 17:50:05 2012] [debug] Template "add.html.ep" not found.
[Thu Mar  8 17:50:05 2012] [debug] Rendering template "users/add.html.ep".
[Thu Mar  8 17:50:05 2012] [debug] Rendering template "layouts/default.html.ep".
[Thu Mar  8 17:50:05 2012] [debug] 200 OK (0.018254s, 54.783/s).
[Thu Mar  8 17:50:07 2012] [debug] GET /users/add (Mozilla/5.0 (X11; Linux x86_64) AppleWebKit/535.11 (KHTML, like Gecko) Chrome/17.0.963.56 Safari/535.11).
[Thu Mar  8 17:50:07 2012] [debug] Dispatching "Unicorn::Manager::Web::Users->add".
[Thu Mar  8 17:50:07 2012] [debug] Template "add.html.ep" not found.
[Thu Mar  8 17:50:07 2012] [debug] 200 OK (0.001828s, 547.046/s).
[Thu Mar  8 17:50:08 2012] [debug] POST /users/create (Mozilla/5.0 (X11; Linux x86_64) AppleWebKit/535.11 (KHTML, like Gecko) Chrome/17.0.963.56 Safari/535.11).
[Thu Mar  8 17:50:08 2012] [debug] Dispatching "Unicorn::Manager::Web::Users->create".
[Thu Mar  8 17:50:08 2012] [debug] 302 Found (0.002602s, 384.320/s).
[Thu Mar  8 17:50:08 2012] [debug] Template "create.html.ep" not found.
[Thu Mar  8 17:50:08 2012] [debug] GET /users/add (Mozilla/5.0 (X11; Linux x86_64) AppleWebKit/535.11 (KHTML, like Gecko) Chrome/17.0.963.56 Safari/535.11).
[Thu Mar  8 17:50:08 2012] [debug] Dispatching "Unicorn::Manager::Web::Users->add".
[Thu Mar  8 17:50:08 2012] [debug] Template "add.html.ep" not found.
[Thu Mar  8 17:50:08 2012] [debug] 200 OK (0.003429s, 291.630/s).
[Thu Mar  8 17:50:12 2012] [debug] POST /users/create (Mozilla/5.0 (X11; Linux x86_64) AppleWebKit/535.11 (KHTML, like Gecko) Chrome/17.0.963.56 Safari/535.11).
[Thu Mar  8 17:50:12 2012] [debug] Dispatching "Unicorn::Manager::Web::Users->create".
[Thu Mar  8 17:50:12 2012] [debug] Template "create.html.ep" not found.
[Thu Mar  8 17:50:12 2012] [debug] Rendering template "users/create.html.ep".
[Thu Mar  8 17:50:12 2012] [debug] Rendering template "layouts/default.html.ep".
[Thu Mar  8 17:50:12 2012] [debug] 200 OK (0.011089s, 90.179/s).
